[0.414s] Invoking command in '/home/dani/ros2_ws/build/ros2_course': PYTHONPATH=/home/dani/ros2_ws/build/ros2_course/prefix_override:/home/dani/ros2_ws/install/ros2_course/lib/python3.10/site-packages:${PYTHONPATH} /usr/bin/python3 setup.py develop --uninstall --editable --build-directory /home/dani/ros2_ws/build/ros2_course/build
[0.586s] running develop
[0.587s] /usr/lib/python3/dist-packages/setuptools/command/easy_install.py:158: EasyInstallDeprecationWarning: easy_install command is deprecated. Use build and pip and other standards-based tools.
[0.587s]   warnings.warn(
[0.587s] /usr/lib/python3/dist-packages/setuptools/command/install.py:34: SetuptoolsDeprecationWarning: setup.py install is deprecated. Use build and pip and other standards-based tools.
[0.587s]   warnings.warn(
[0.713s] Invoked command in '/home/dani/ros2_ws/build/ros2_course' returned '0': PYTHONPATH=/home/dani/ros2_ws/build/ros2_course/prefix_override:/home/dani/ros2_ws/install/ros2_course/lib/python3.10/site-packages:${PYTHONPATH} /usr/bin/python3 setup.py develop --uninstall --editable --build-directory /home/dani/ros2_ws/build/ros2_course/build
[0.714s] Invoking command in '/home/dani/ros2_ws/src/ros2_course': PYTHONPATH=/home/dani/ros2_ws/build/ros2_course/prefix_override:/home/dani/ros2_ws/install/ros2_course/lib/python3.10/site-packages:${PYTHONPATH} /usr/bin/python3 setup.py egg_info --egg-base ../../build/ros2_course build --build-base /home/dani/ros2_ws/build/ros2_course/build install --record /home/dani/ros2_ws/build/ros2_course/install.log --single-version-externally-managed
[0.874s] running egg_info
[0.875s] writing ../../build/ros2_course/ros2_course.egg-info/PKG-INFO
[0.875s] writing dependency_links to ../../build/ros2_course/ros2_course.egg-info/dependency_links.txt
[0.875s] writing entry points to ../../build/ros2_course/ros2_course.egg-info/entry_points.txt
[0.875s] writing requirements to ../../build/ros2_course/ros2_course.egg-info/requires.txt
[0.876s] writing top-level names to ../../build/ros2_course/ros2_course.egg-info/top_level.txt
[0.877s] reading manifest file '../../build/ros2_course/ros2_course.egg-info/SOURCES.txt'
[0.877s] writing manifest file '../../build/ros2_course/ros2_course.egg-info/SOURCES.txt'
[0.877s] running build
[0.877s] running build_py
[0.877s] copying ros2_course/turtlesim_controller.py -> /home/dani/ros2_ws/build/ros2_course/build/lib/ros2_course
[0.878s] running install
[0.878s] /usr/lib/python3/dist-packages/setuptools/command/install.py:34: SetuptoolsDeprecationWarning: setup.py install is deprecated. Use build and pip and other standards-based tools.
[0.878s]   warnings.warn(
[0.878s] running install_lib
[0.878s] copying /home/dani/ros2_ws/build/ros2_course/build/lib/ros2_course/turtlesim_controller.py -> /home/dani/ros2_ws/install/ros2_course/lib/python3.10/site-packages/ros2_course
[0.879s] byte-compiling /home/dani/ros2_ws/install/ros2_course/lib/python3.10/site-packages/ros2_course/turtlesim_controller.py to turtlesim_controller.cpython-310.pyc
[0.879s] Sorry: IndentationError: unexpected indent (turtlesim_controller.py, line 13)
[0.879s] running install_data
[0.879s] running install_egg_info
[0.880s] removing '/home/dani/ros2_ws/install/ros2_course/lib/python3.10/site-packages/ros2_course-0.0.0-py3.10.egg-info' (and everything under it)
[0.881s] Copying ../../build/ros2_course/ros2_course.egg-info to /home/dani/ros2_ws/install/ros2_course/lib/python3.10/site-packages/ros2_course-0.0.0-py3.10.egg-info
[0.881s] running install_scripts
[0.895s] Installing hello script to /home/dani/ros2_ws/install/ros2_course/lib/ros2_course
[0.895s] Installing listener script to /home/dani/ros2_ws/install/ros2_course/lib/ros2_course
[0.895s] Installing talker script to /home/dani/ros2_ws/install/ros2_course/lib/ros2_course
[0.896s] Installing turtlesim_controller script to /home/dani/ros2_ws/install/ros2_course/lib/ros2_course
[0.896s] writing list of installed files to '/home/dani/ros2_ws/build/ros2_course/install.log'
[0.910s] Invoked command in '/home/dani/ros2_ws/src/ros2_course' returned '0': PYTHONPATH=/home/dani/ros2_ws/build/ros2_course/prefix_override:/home/dani/ros2_ws/install/ros2_course/lib/python3.10/site-packages:${PYTHONPATH} /usr/bin/python3 setup.py egg_info --egg-base ../../build/ros2_course build --build-base /home/dani/ros2_ws/build/ros2_course/build install --record /home/dani/ros2_ws/build/ros2_course/install.log --single-version-externally-managed
