[0.489s] Invoking command in '/home/dani/ros2_ws/build/ros2_course': PYTHONPATH=/home/dani/ros2_ws/build/ros2_course/prefix_override:/home/dani/ros2_ws/install/ros2_course/lib/python3.10/site-packages:${PYTHONPATH} /usr/bin/python3 setup.py develop --uninstall --editable --build-directory /home/dani/ros2_ws/build/ros2_course/build
[0.676s] running develop
[0.677s] /usr/lib/python3/dist-packages/setuptools/command/easy_install.py:158: EasyInstallDeprecationWarning: easy_install command is deprecated. Use build and pip and other standards-based tools.
[0.677s]   warnings.warn(
[0.678s] /usr/lib/python3/dist-packages/setuptools/command/install.py:34: SetuptoolsDeprecationWarning: setup.py install is deprecated. Use build and pip and other standards-based tools.
[0.678s]   warnings.warn(
[0.807s] Invoked command in '/home/dani/ros2_ws/build/ros2_course' returned '0': PYTHONPATH=/home/dani/ros2_ws/build/ros2_course/prefix_override:/home/dani/ros2_ws/install/ros2_course/lib/python3.10/site-packages:${PYTHONPATH} /usr/bin/python3 setup.py develop --uninstall --editable --build-directory /home/dani/ros2_ws/build/ros2_course/build
[0.807s] Invoking command in '/home/dani/ros2_ws/src/ros2_course': PYTHONPATH=/home/dani/ros2_ws/build/ros2_course/prefix_override:/home/dani/ros2_ws/install/ros2_course/lib/python3.10/site-packages:${PYTHONPATH} /usr/bin/python3 setup.py egg_info --egg-base ../../build/ros2_course build --build-base /home/dani/ros2_ws/build/ros2_course/build install --record /home/dani/ros2_ws/build/ros2_course/install.log --single-version-externally-managed
[0.970s] running egg_info
[0.970s] writing ../../build/ros2_course/ros2_course.egg-info/PKG-INFO
[0.970s] writing dependency_links to ../../build/ros2_course/ros2_course.egg-info/dependency_links.txt
[0.971s] writing entry points to ../../build/ros2_course/ros2_course.egg-info/entry_points.txt
[0.971s] writing requirements to ../../build/ros2_course/ros2_course.egg-info/requires.txt
[0.971s] writing top-level names to ../../build/ros2_course/ros2_course.egg-info/top_level.txt
[0.972s] reading manifest file '../../build/ros2_course/ros2_course.egg-info/SOURCES.txt'
[0.981s] writing manifest file '../../build/ros2_course/ros2_course.egg-info/SOURCES.txt'
[0.981s] running build
[0.981s] running build_py
[0.981s] copying ros2_course/psm_grasp.py -> /home/dani/ros2_ws/build/ros2_course/build/lib/ros2_course
[0.982s] running install
[0.983s] /usr/lib/python3/dist-packages/setuptools/command/install.py:34: SetuptoolsDeprecationWarning: setup.py install is deprecated. Use build and pip and other standards-based tools.
[0.983s]   warnings.warn(
[0.983s] running install_lib
[0.984s] copying /home/dani/ros2_ws/build/ros2_course/build/lib/ros2_course/psm_grasp.py -> /home/dani/ros2_ws/install/ros2_course/lib/python3.10/site-packages/ros2_course
[0.986s] byte-compiling /home/dani/ros2_ws/install/ros2_course/lib/python3.10/site-packages/ros2_course/psm_grasp.py to psm_grasp.cpython-310.pyc
[0.987s] running install_data
[0.988s] running install_egg_info
[0.990s] removing '/home/dani/ros2_ws/install/ros2_course/lib/python3.10/site-packages/ros2_course-0.0.0-py3.10.egg-info' (and everything under it)
[0.991s] Copying ../../build/ros2_course/ros2_course.egg-info to /home/dani/ros2_ws/install/ros2_course/lib/python3.10/site-packages/ros2_course-0.0.0-py3.10.egg-info
[0.992s] running install_scripts
[1.013s] Installing dummy_marker script to /home/dani/ros2_ws/install/ros2_course/lib/ros2_course
[1.013s] Installing hello script to /home/dani/ros2_ws/install/ros2_course/lib/ros2_course
[1.013s] Installing listener script to /home/dani/ros2_ws/install/ros2_course/lib/ros2_course
[1.013s] Installing psm_grasp script to /home/dani/ros2_ws/install/ros2_course/lib/ros2_course
[1.013s] Installing talker script to /home/dani/ros2_ws/install/ros2_course/lib/ros2_course
[1.014s] Installing turtlesim_controller script to /home/dani/ros2_ws/install/ros2_course/lib/ros2_course
[1.014s] writing list of installed files to '/home/dani/ros2_ws/build/ros2_course/install.log'
[1.029s] Invoked command in '/home/dani/ros2_ws/src/ros2_course' returned '0': PYTHONPATH=/home/dani/ros2_ws/build/ros2_course/prefix_override:/home/dani/ros2_ws/install/ros2_course/lib/python3.10/site-packages:${PYTHONPATH} /usr/bin/python3 setup.py egg_info --egg-base ../../build/ros2_course build --build-base /home/dani/ros2_ws/build/ros2_course/build install --record /home/dani/ros2_ws/build/ros2_course/install.log --single-version-externally-managed
