[0.712s] Invoking command in '/home/dani/ros2_ws/build/ros2_course': PYTHONPATH=/home/dani/ros2_ws/build/ros2_course/prefix_override:/home/dani/ros2_ws/install/ros2_course/lib/python3.10/site-packages:${PYTHONPATH} /usr/bin/python3 setup.py develop --editable --build-directory /home/dani/ros2_ws/build/ros2_course/build --no-deps install_data
[1.015s] running develop
[1.016s] /usr/lib/python3/dist-packages/setuptools/command/easy_install.py:158: EasyInstallDeprecationWarning: easy_install command is deprecated. Use build and pip and other standards-based tools.
[1.016s]   warnings.warn(
[1.017s] /usr/lib/python3/dist-packages/setuptools/command/install.py:34: SetuptoolsDeprecationWarning: setup.py install is deprecated. Use build and pip and other standards-based tools.
[1.017s]   warnings.warn(
[1.286s] running egg_info
[1.286s] writing ros2_course.egg-info/PKG-INFO
[1.286s] writing dependency_links to ros2_course.egg-info/dependency_links.txt
[1.287s] writing entry points to ros2_course.egg-info/entry_points.txt
[1.287s] writing requirements to ros2_course.egg-info/requires.txt
[1.287s] writing top-level names to ros2_course.egg-info/top_level.txt
[1.288s] reading manifest file 'ros2_course.egg-info/SOURCES.txt'
[1.289s] writing manifest file 'ros2_course.egg-info/SOURCES.txt'
[1.290s] running build_ext
[1.290s] Creating /home/dani/ros2_ws/install/ros2_course/lib/python3.10/site-packages/ros2-course.egg-link (link to .)
[1.290s] Installing hello script to /home/dani/ros2_ws/install/ros2_course/lib/ros2_course
[1.291s] 
[1.291s] Installed /home/dani/ros2_ws/build/ros2_course
[1.291s] running install_data
[1.309s] Invoked command in '/home/dani/ros2_ws/build/ros2_course' returned '0': PYTHONPATH=/home/dani/ros2_ws/build/ros2_course/prefix_override:/home/dani/ros2_ws/install/ros2_course/lib/python3.10/site-packages:${PYTHONPATH} /usr/bin/python3 setup.py develop --editable --build-directory /home/dani/ros2_ws/build/ros2_course/build --no-deps install_data
