[0.761s] Invoking command in '/home/dani/ros2_ws/src/ros2_course': PYTHONPATH=/home/dani/ros2_ws/build/ros2_course/prefix_override:/home/dani/ros2_ws/install/ros2_course/lib/python3.10/site-packages:${PYTHONPATH} /usr/bin/python3 setup.py egg_info --egg-base ../../build/ros2_course build --build-base /home/dani/ros2_ws/build/ros2_course/build install --record /home/dani/ros2_ws/build/ros2_course/install.log --single-version-externally-managed
[0.964s] running egg_info
[0.964s] writing ../../build/ros2_course/ros2_course.egg-info/PKG-INFO
[0.964s] writing dependency_links to ../../build/ros2_course/ros2_course.egg-info/dependency_links.txt
[0.965s] writing entry points to ../../build/ros2_course/ros2_course.egg-info/entry_points.txt
[0.965s] writing requirements to ../../build/ros2_course/ros2_course.egg-info/requires.txt
[0.965s] writing top-level names to ../../build/ros2_course/ros2_course.egg-info/top_level.txt
[0.966s] reading manifest file '../../build/ros2_course/ros2_course.egg-info/SOURCES.txt'
[0.975s] writing manifest file '../../build/ros2_course/ros2_course.egg-info/SOURCES.txt'
[0.975s] running build
[0.976s] running build_py
[0.977s] copying ros2_course/ur_controller.py -> /home/dani/ros2_ws/build/ros2_course/build/lib/ros2_course
[0.978s] running install
[0.978s] /usr/lib/python3/dist-packages/setuptools/command/install.py:34: SetuptoolsDeprecationWarning: setup.py install is deprecated. Use build and pip and other standards-based tools.
[0.978s]   warnings.warn(
[0.979s] running install_lib
[0.981s] copying /home/dani/ros2_ws/build/ros2_course/build/lib/ros2_course/ur_controller.py -> /home/dani/ros2_ws/install/ros2_course/lib/python3.10/site-packages/ros2_course
[0.982s] byte-compiling /home/dani/ros2_ws/install/ros2_course/lib/python3.10/site-packages/ros2_course/ur_controller.py to ur_controller.cpython-310.pyc
[0.983s] running install_data
[0.984s] running install_egg_info
[0.987s] removing '/home/dani/ros2_ws/install/ros2_course/lib/python3.10/site-packages/ros2_course-0.0.0-py3.10.egg-info' (and everything under it)
[0.988s] Copying ../../build/ros2_course/ros2_course.egg-info to /home/dani/ros2_ws/install/ros2_course/lib/python3.10/site-packages/ros2_course-0.0.0-py3.10.egg-info
[0.989s] running install_scripts
[1.006s] Installing dummy_marker script to /home/dani/ros2_ws/install/ros2_course/lib/ros2_course
[1.007s] Installing hello script to /home/dani/ros2_ws/install/ros2_course/lib/ros2_course
[1.007s] Installing listener script to /home/dani/ros2_ws/install/ros2_course/lib/ros2_course
[1.007s] Installing psm_grasp script to /home/dani/ros2_ws/install/ros2_course/lib/ros2_course
[1.007s] Installing talker script to /home/dani/ros2_ws/install/ros2_course/lib/ros2_course
[1.007s] Installing topic_latcher script to /home/dani/ros2_ws/install/ros2_course/lib/ros2_course
[1.007s] Installing turtlesim_controller script to /home/dani/ros2_ws/install/ros2_course/lib/ros2_course
[1.007s] Installing ur_controller script to /home/dani/ros2_ws/install/ros2_course/lib/ros2_course
[1.007s] writing list of installed files to '/home/dani/ros2_ws/build/ros2_course/install.log'
[1.024s] Invoked command in '/home/dani/ros2_ws/src/ros2_course' returned '0': PYTHONPATH=/home/dani/ros2_ws/build/ros2_course/prefix_override:/home/dani/ros2_ws/install/ros2_course/lib/python3.10/site-packages:${PYTHONPATH} /usr/bin/python3 setup.py egg_info --egg-base ../../build/ros2_course build --build-base /home/dani/ros2_ws/build/ros2_course/build install --record /home/dani/ros2_ws/build/ros2_course/install.log --single-version-externally-managed
