[0.000000] (-) TimerEvent: {}
[0.000095] (ros2_course) JobQueued: {'identifier': 'ros2_course', 'dependencies': OrderedDict()}
[0.000115] (ros2_course) JobStarted: {'identifier': 'ros2_course'}
[0.099459] (-) TimerEvent: {}
[0.199619] (-) TimerEvent: {}
[0.300202] (-) TimerEvent: {}
[0.400388] (-) TimerEvent: {}
[0.500549] (-) TimerEvent: {}
[0.574715] (ros2_course) Command: {'cmd': ['/usr/bin/python3', 'setup.py', 'egg_info', '--egg-base', '../../build/ros2_course', 'build', '--build-base', '/home/dani/ros2_ws/build/ros2_course/build', 'install', '--record', '/home/dani/ros2_ws/build/ros2_course/install.log', '--single-version-externally-managed'], 'cwd': '/home/dani/ros2_ws/src/ros2_course', 'env': {'GJS_DEBUG_TOPICS': 'JS ERROR;JS LOG', 'USER': 'dani', 'ROS_PACKAGE_PATH': '/home/dani/dvrk2_ws/install/cisst/share', 'XDG_SESSION_TYPE': 'wayland', 'LD_LIBRARY_PATH': '/home/dani/dvrk2_ws/install/dvrk_robot/lib:/home/dani/dvrk2_ws/install/sawIntuitiveResearchKitAll/lib:/home/dani/dvrk2_ws/install/sawTextToSpeechAll/lib:/home/dani/dvrk2_ws/install/sawRobotIO1394All/lib:/home/dani/dvrk2_ws/install/sawControllersAll/lib:/home/dani/dvrk2_ws/install/sawKeyboardAll/lib:/home/dani/dvrk2_ws/install/cisst_ros2_crtk/lib:/home/dani/dvrk2_ws/install/crtk_msgs/lib:/home/dani/dvrk2_ws/install/cisst_ros2_bridge/lib:/home/dani/dvrk2_ws/install/cisst_msgs/lib:/home/dani/dvrk2_ws/install/cisst/lib:/home/dani/dvrk2_ws/install/cisstNetlib/lib:/opt/ros/humble/opt/rviz_ogre_vendor/lib:/opt/ros/humble/lib/x86_64-linux-gnu:/opt/ros/humble/lib', 'SHLVL': '198', 'HOME': '/home/dani', 'DESKTOP_SESSION': 'ubuntu', 'QTDIR': '/usr/lib/x86_64-linux-gnu/qt5', 'GIO_LAUNCHED_DESKTOP_FILE': '/usr/share/applications/QtProject-qtcreator-ros-latest.desktop', 'GNOME_SHELL_SESSION_MODE': 'ubuntu', 'GTK_MODULES': 'gail:atk-bridge', 'ROS_PYTHON_VERSION': '3', 'MANAGERPID': '1655', 'DBUS_SESSION_BUS_ADDRESS': 'unix:path=/run/user/1000/bus', 'SYSTEMD_EXEC_PID': '1869', 'GIO_LAUNCHED_DESKTOP_FILE_PID': '6710', 'COLCON_PREFIX_PATH': '/home/dani/ros2_ws/install:/home/dani/dvrk2_ws/install', 'IM_CONFIG_PHASE': '1', 'ROS_DISTRO': 'humble', 'WAYLAND_DISPLAY': 'wayland-0', 'LOGNAME': 'dani', 'JOURNAL_STREAM': '8:33614', '_': '/usr/bin/env', 'PKG_CONFIG_PATH': '/home/dani/dvrk2_ws/install/dvrk_config_jhu/lib/x86_64-linux-gnu/pkgconfig:/home/dani/dvrk2_ws/install/dvrk_config_jhu/lib/pkgconfig:/home/dani/dvrk2_ws/install/cisst/lib/x86_64-linux-gnu/pkgconfig:/home/dani/dvrk2_ws/install/cisst/lib/pkgconfig:/home/dani/dvrk2_ws/install/cisstNetlib/lib/x86_64-linux-gnu/pkgconfig:/home/dani/dvrk2_ws/install/cisstNetlib/lib/pkgconfig', 'ROS_VERSION': '2', 'XDG_SESSION_CLASS': 'user', 'TERM': 'xterm', 'USERNAME': 'dani', 'GNOME_DESKTOP_SESSION_ID': 'this-is-deprecated', 'ROS_LOCALHOST_ONLY': '0', 'PATH': '/home/dani/dvrk2_ws/install/sawIntuitiveResearchKitAll/bin:/home/dani/dvrk2_ws/install/sawTextToSpeechAll/bin:/home/dani/dvrk2_ws/install/sawRobotIO1394All/bin:/home/dani/dvrk2_ws/install/sawControllersAll/bin:/home/dani/dvrk2_ws/install/cisst/bin:/opt/ros/humble/bin:/usr/local/sbin:/usr/local/bin:/usr/sbin:/usr/bin:/sbin:/bin:/usr/games:/usr/local/games:/snap/bin:/snap/bin', 'INVOCATION_ID': '766da3c5de2d4506b77762dc7de1dd3c', 'SESSION_MANAGER': 'local/msi:@/tmp/.ICE-unix/1851,unix/msi:/tmp/.ICE-unix/1851', 'GNOME_SETUP_DISPLAY': ':1', 'XDG_MENU_PREFIX': 'gnome-', 'XDG_RUNTIME_DIR': '/run/user/1000', 'DISPLAY': ':0', 'LANG': 'en_US.UTF-8', 'XDG_CURRENT_DESKTOP': 'ubuntu:GNOME', 'XAUTHORITY': '/run/user/1000/.mutter-Xwaylandauth.7ZMCF2', 'XDG_SESSION_DESKTOP': 'ubuntu', 'XMODIFIERS': '@im=ibus', 'AMENT_PREFIX_PATH': '/home/dani/dvrk2_ws/install/dvrk_robot:/home/dani/dvrk2_ws/install/dvrk_python:/home/dani/dvrk2_ws/install/dvrk_model:/home/dani/dvrk2_ws/install/cisst_ros2_crtk:/home/dani/dvrk2_ws/install/crtk_msgs:/home/dani/dvrk2_ws/install/crtk:/home/dani/dvrk2_ws/install/cisst_ros2_bridge:/home/dani/dvrk2_ws/install/cisst_msgs:/home/dani/ros2_ws/install/ros2_course:/opt/ros/humble', 'SSH_AGENT_LAUNCHER': 'gnome-keyring', 'SSH_AUTH_SOCK': '/run/user/1000/keyring/ssh', 'SHELL': '/bin/bash', 'GDMSESSION': 'ubuntu', 'QT_ACCESSIBILITY': '1', 'GJS_DEBUG_OUTPUT': 'stderr', 'QT_IM_MODULE': 'ibus', 'LC_ALL': 'C', 'PWD': '/home/dani/ros2_ws/build/ros2_course', 'XDG_CONFIG_DIRS': '/etc/xdg/xdg-ubuntu:/etc/xdg', 'XDG_DATA_DIRS': '/usr/share/ubuntu:/usr/local/share/:/usr/share/:/var/lib/snapd/desktop', 'PYTHONPATH': '/home/dani/ros2_ws/build/ros2_course/prefix_override:/home/dani/ros2_ws/install/ros2_course/lib/python3.10/site-packages:/home/dani/dvrk2_ws/build/dvrk_python/src:/home/dani/dvrk2_ws/install/dvrk_python/lib/python3.10/site-packages:/home/dani/dvrk2_ws/build/dvrk_model:/home/dani/dvrk2_ws/install/dvrk_model/lib/python3.10/site-packages:/home/dani/dvrk2_ws/install/crtk_msgs/local/lib/python3.10/dist-packages:/home/dani/dvrk2_ws/build/crtk/src:/home/dani/dvrk2_ws/install/crtk/lib/python3.10/site-packages:/home/dani/dvrk2_ws/install/cisst_msgs/local/lib/python3.10/dist-packages:/home/dani/ros2_ws/build/ros2_course:/home/dani/ros2_ws/install/ros2_course/lib/python3.10/site-packages:/opt/ros/humble/lib/python3.10/site-packages:/opt/ros/humble/local/lib/python3.10/dist-packages', 'COLCON': '1', 'CMAKE_PREFIX_PATH': '/home/dani/dvrk2_ws/install/dvrk_robot:/home/dani/dvrk2_ws/install/sawIntuitiveResearchKitAll:/home/dani/dvrk2_ws/install/sawTextToSpeechAll:/home/dani/dvrk2_ws/install/sawRobotIO1394All:/home/dani/dvrk2_ws/install/sawControllersAll:/home/dani/dvrk2_ws/install/sawKeyboardAll:/home/dani/dvrk2_ws/install/dvrk_config_jhu:/home/dani/dvrk2_ws/install/cisst_ros2_crtk:/home/dani/dvrk2_ws/install/crtk_msgs:/home/dani/dvrk2_ws/install/cisst_ros2_bridge:/home/dani/dvrk2_ws/install/cisst_msgs:/home/dani/dvrk2_ws/install/cisst:/home/dani/dvrk2_ws/install/cisstNetlib'}, 'shell': False}
[0.600643] (-) TimerEvent: {}
[0.700783] (-) TimerEvent: {}
[0.747930] (ros2_course) StdoutLine: {'line': b'running egg_info\n'}
[0.748397] (ros2_course) StdoutLine: {'line': b'writing ../../build/ros2_course/ros2_course.egg-info/PKG-INFO\n'}
[0.748593] (ros2_course) StdoutLine: {'line': b'writing dependency_links to ../../build/ros2_course/ros2_course.egg-info/dependency_links.txt\n'}
[0.748977] (ros2_course) StdoutLine: {'line': b'writing entry points to ../../build/ros2_course/ros2_course.egg-info/entry_points.txt\n'}
[0.749040] (ros2_course) StdoutLine: {'line': b'writing requirements to ../../build/ros2_course/ros2_course.egg-info/requires.txt\n'}
[0.749083] (ros2_course) StdoutLine: {'line': b'writing top-level names to ../../build/ros2_course/ros2_course.egg-info/top_level.txt\n'}
[0.750136] (ros2_course) StdoutLine: {'line': b"reading manifest file '../../build/ros2_course/ros2_course.egg-info/SOURCES.txt'\n"}
[0.750780] (ros2_course) StdoutLine: {'line': b"writing manifest file '../../build/ros2_course/ros2_course.egg-info/SOURCES.txt'\n"}
[0.750857] (ros2_course) StdoutLine: {'line': b'running build\n'}
[0.750901] (ros2_course) StdoutLine: {'line': b'running build_py\n'}
[0.751135] (ros2_course) StdoutLine: {'line': b'copying ros2_course/turtlesim_controller.py -> /home/dani/ros2_ws/build/ros2_course/build/lib/ros2_course\n'}
[0.751313] (ros2_course) StdoutLine: {'line': b'running install\n'}
[0.751463] (ros2_course) StderrLine: {'line': b'/usr/lib/python3/dist-packages/setuptools/command/install.py:34: SetuptoolsDeprecationWarning: setup.py install is deprecated. Use build and pip and other standards-based tools.\n'}
[0.751536] (ros2_course) StderrLine: {'line': b'  warnings.warn(\n'}
[0.751718] (ros2_course) StdoutLine: {'line': b'running install_lib\n'}
[0.752315] (ros2_course) StdoutLine: {'line': b'copying /home/dani/ros2_ws/build/ros2_course/build/lib/ros2_course/turtlesim_controller.py -> /home/dani/ros2_ws/install/ros2_course/lib/python3.10/site-packages/ros2_course\n'}
[0.752789] (ros2_course) StdoutLine: {'line': b'byte-compiling /home/dani/ros2_ws/install/ros2_course/lib/python3.10/site-packages/ros2_course/turtlesim_controller.py to turtlesim_controller.cpython-310.pyc\n'}
[0.753534] (ros2_course) StdoutLine: {'line': b'running install_data\n'}
[0.753988] (ros2_course) StdoutLine: {'line': b'running install_egg_info\n'}
[0.755102] (ros2_course) StdoutLine: {'line': b"removing '/home/dani/ros2_ws/install/ros2_course/lib/python3.10/site-packages/ros2_course-0.0.0-py3.10.egg-info' (and everything under it)\n"}
[0.755335] (ros2_course) StdoutLine: {'line': b'Copying ../../build/ros2_course/ros2_course.egg-info to /home/dani/ros2_ws/install/ros2_course/lib/python3.10/site-packages/ros2_course-0.0.0-py3.10.egg-info\n'}
[0.755874] (ros2_course) StdoutLine: {'line': b'running install_scripts\n'}
[0.769932] (ros2_course) StdoutLine: {'line': b'Installing dummy_marker script to /home/dani/ros2_ws/install/ros2_course/lib/ros2_course\n'}
[0.770230] (ros2_course) StdoutLine: {'line': b'Installing hello script to /home/dani/ros2_ws/install/ros2_course/lib/ros2_course\n'}
[0.770332] (ros2_course) StdoutLine: {'line': b'Installing listener script to /home/dani/ros2_ws/install/ros2_course/lib/ros2_course\n'}
[0.770518] (ros2_course) StdoutLine: {'line': b'Installing psm_grasp script to /home/dani/ros2_ws/install/ros2_course/lib/ros2_course\n'}
[0.770614] (ros2_course) StdoutLine: {'line': b'Installing talker script to /home/dani/ros2_ws/install/ros2_course/lib/ros2_course\n'}
[0.770659] (ros2_course) StdoutLine: {'line': b'Installing topic_latcher script to /home/dani/ros2_ws/install/ros2_course/lib/ros2_course\n'}
[0.770702] (ros2_course) StdoutLine: {'line': b'Installing turtlesim_controller script to /home/dani/ros2_ws/install/ros2_course/lib/ros2_course\n'}
[0.770783] (ros2_course) StdoutLine: {'line': b'Installing ur_controller script to /home/dani/ros2_ws/install/ros2_course/lib/ros2_course\n'}
[0.770889] (ros2_course) StdoutLine: {'line': b"writing list of installed files to '/home/dani/ros2_ws/build/ros2_course/install.log'\n"}
[0.784845] (ros2_course) CommandEnded: {'returncode': 0}
[0.800905] (-) TimerEvent: {}
[0.826485] (ros2_course) JobEnded: {'identifier': 'ros2_course', 'rc': 0}
[0.826836] (-) EventReactorShutdown: {}
