[0.424s] Invoking command in '/home/dani/ros2_ws/build/ros2_course': PYTHONPATH=/home/dani/ros2_ws/build/ros2_course/prefix_override:/home/dani/ros2_ws/install/ros2_course/lib/python3.10/site-packages:${PYTHONPATH} /usr/bin/python3 setup.py develop --editable --build-directory /home/dani/ros2_ws/build/ros2_course/build --no-deps install_data
[0.598s] running develop
[0.598s] /usr/lib/python3/dist-packages/setuptools/command/easy_install.py:158: EasyInstallDeprecationWarning: easy_install command is deprecated. Use build and pip and other standards-based tools.
[0.598s]   warnings.warn(
[0.599s] /usr/lib/python3/dist-packages/setuptools/command/install.py:34: SetuptoolsDeprecationWarning: setup.py install is deprecated. Use build and pip and other standards-based tools.
[0.599s]   warnings.warn(
[0.710s] running egg_info
[0.710s] creating ros2_course.egg-info
[0.711s] writing ros2_course.egg-info/PKG-INFO
[0.711s] writing dependency_links to ros2_course.egg-info/dependency_links.txt
[0.711s] writing entry points to ros2_course.egg-info/entry_points.txt
[0.711s] writing requirements to ros2_course.egg-info/requires.txt
[0.711s] writing top-level names to ros2_course.egg-info/top_level.txt
[0.712s] writing manifest file 'ros2_course.egg-info/SOURCES.txt'
[0.712s] reading manifest file 'ros2_course.egg-info/SOURCES.txt'
[0.713s] writing manifest file 'ros2_course.egg-info/SOURCES.txt'
[0.714s] running build_ext
[0.714s] Creating /home/dani/ros2_ws/install/ros2_course/lib/python3.10/site-packages/ros2-course.egg-link (link to .)
[0.715s] Installing hello script to /home/dani/ros2_ws/install/ros2_course/lib/ros2_course
[0.715s] 
[0.715s] Installed /home/dani/ros2_ws/build/ros2_course
[0.715s] running install_data
[0.715s] creating /home/dani/ros2_ws/install/ros2_course/share/ament_index
[0.715s] creating /home/dani/ros2_ws/install/ros2_course/share/ament_index/resource_index
[0.715s] creating /home/dani/ros2_ws/install/ros2_course/share/ament_index/resource_index/packages
[0.715s] copying resource/ros2_course -> /home/dani/ros2_ws/install/ros2_course/share/ament_index/resource_index/packages
[0.716s] copying package.xml -> /home/dani/ros2_ws/install/ros2_course/share/ros2_course
[0.733s] Invoked command in '/home/dani/ros2_ws/build/ros2_course' returned '0': PYTHONPATH=/home/dani/ros2_ws/build/ros2_course/prefix_override:/home/dani/ros2_ws/install/ros2_course/lib/python3.10/site-packages:${PYTHONPATH} /usr/bin/python3 setup.py develop --editable --build-directory /home/dani/ros2_ws/build/ros2_course/build --no-deps install_data
