[0.415s] Invoking command in '/home/dani/ros2_ws/build/ros2_course': PYTHONPATH=/home/dani/ros2_ws/build/ros2_course/prefix_override:/home/dani/ros2_ws/install/ros2_course/lib/python3.10/site-packages:${PYTHONPATH} /usr/bin/python3 setup.py develop --uninstall --editable --build-directory /home/dani/ros2_ws/build/ros2_course/build
[0.594s] running develop
[0.594s] /usr/lib/python3/dist-packages/setuptools/command/easy_install.py:158: EasyInstallDeprecationWarning: easy_install command is deprecated. Use build and pip and other standards-based tools.
[0.595s]   warnings.warn(
[0.595s] /usr/lib/python3/dist-packages/setuptools/command/install.py:34: SetuptoolsDeprecationWarning: setup.py install is deprecated. Use build and pip and other standards-based tools.
[0.595s]   warnings.warn(
[0.722s] Invoked command in '/home/dani/ros2_ws/build/ros2_course' returned '0': PYTHONPATH=/home/dani/ros2_ws/build/ros2_course/prefix_override:/home/dani/ros2_ws/install/ros2_course/lib/python3.10/site-packages:${PYTHONPATH} /usr/bin/python3 setup.py develop --uninstall --editable --build-directory /home/dani/ros2_ws/build/ros2_course/build
[0.724s] Invoking command in '/home/dani/ros2_ws/src/ros2_course': PYTHONPATH=/home/dani/ros2_ws/build/ros2_course/prefix_override:/home/dani/ros2_ws/install/ros2_course/lib/python3.10/site-packages:${PYTHONPATH} /usr/bin/python3 setup.py egg_info --egg-base ../../build/ros2_course build --build-base /home/dani/ros2_ws/build/ros2_course/build install --record /home/dani/ros2_ws/build/ros2_course/install.log --single-version-externally-managed
[0.887s] running egg_info
[0.888s] writing ../../build/ros2_course/ros2_course.egg-info/PKG-INFO
[0.888s] writing dependency_links to ../../build/ros2_course/ros2_course.egg-info/dependency_links.txt
[0.888s] writing entry points to ../../build/ros2_course/ros2_course.egg-info/entry_points.txt
[0.888s] writing requirements to ../../build/ros2_course/ros2_course.egg-info/requires.txt
[0.889s] writing top-level names to ../../build/ros2_course/ros2_course.egg-info/top_level.txt
[0.890s] reading manifest file '../../build/ros2_course/ros2_course.egg-info/SOURCES.txt'
[0.890s] writing manifest file '../../build/ros2_course/ros2_course.egg-info/SOURCES.txt'
[0.890s] running build
[0.890s] running build_py
[0.891s] copying ros2_course/turtlesim_controller.py -> /home/dani/ros2_ws/build/ros2_course/build/lib/ros2_course
[0.891s] running install
[0.891s] /usr/lib/python3/dist-packages/setuptools/command/install.py:34: SetuptoolsDeprecationWarning: setup.py install is deprecated. Use build and pip and other standards-based tools.
[0.891s]   warnings.warn(
[0.891s] running install_lib
[0.891s] copying /home/dani/ros2_ws/build/ros2_course/build/lib/ros2_course/turtlesim_controller.py -> /home/dani/ros2_ws/install/ros2_course/lib/python3.10/site-packages/ros2_course
[0.892s] byte-compiling /home/dani/ros2_ws/install/ros2_course/lib/python3.10/site-packages/ros2_course/turtlesim_controller.py to turtlesim_controller.cpython-310.pyc
[0.893s] running install_data
[0.893s] running install_egg_info
[0.894s] removing '/home/dani/ros2_ws/install/ros2_course/lib/python3.10/site-packages/ros2_course-0.0.0-py3.10.egg-info' (and everything under it)
[0.894s] Copying ../../build/ros2_course/ros2_course.egg-info to /home/dani/ros2_ws/install/ros2_course/lib/python3.10/site-packages/ros2_course-0.0.0-py3.10.egg-info
[0.895s] running install_scripts
[0.909s] Installing hello script to /home/dani/ros2_ws/install/ros2_course/lib/ros2_course
[0.909s] Installing listener script to /home/dani/ros2_ws/install/ros2_course/lib/ros2_course
[0.909s] Installing talker script to /home/dani/ros2_ws/install/ros2_course/lib/ros2_course
[0.910s] Installing turtlesim_controller script to /home/dani/ros2_ws/install/ros2_course/lib/ros2_course
[0.910s] writing list of installed files to '/home/dani/ros2_ws/build/ros2_course/install.log'
[0.924s] Invoked command in '/home/dani/ros2_ws/src/ros2_course' returned '0': PYTHONPATH=/home/dani/ros2_ws/build/ros2_course/prefix_override:/home/dani/ros2_ws/install/ros2_course/lib/python3.10/site-packages:${PYTHONPATH} /usr/bin/python3 setup.py egg_info --egg-base ../../build/ros2_course build --build-base /home/dani/ros2_ws/build/ros2_course/build install --record /home/dani/ros2_ws/build/ros2_course/install.log --single-version-externally-managed
