[0.000000] (-) TimerEvent: {}
[0.000041] (ros2_course) JobQueued: {'identifier': 'ros2_course', 'dependencies': OrderedDict()}
[0.000061] (ros2_course) JobStarted: {'identifier': 'ros2_course'}
[0.099212] (-) TimerEvent: {}
[0.199359] (-) TimerEvent: {}
[0.299664] (-) TimerEvent: {}
[0.399811] (-) TimerEvent: {}
[0.499961] (-) TimerEvent: {}
[0.600116] (-) TimerEvent: {}
[0.690720] (ros2_course) Command: {'cmd': ['/usr/bin/python3', 'setup.py', 'develop', '--uninstall', '--editable', '--build-directory', '/home/dani/ros2_ws/build/ros2_course/build'], 'cwd': '/home/dani/ros2_ws/build/ros2_course', 'env': {'GJS_DEBUG_TOPICS': 'JS ERROR;JS LOG', 'USER': 'dani', 'ROS_PACKAGE_PATH': '/home/dani/dvrk2_ws/install/cisst/share', 'XDG_SESSION_TYPE': 'wayland', 'LD_LIBRARY_PATH': '/home/dani/dvrk2_ws/install/dvrk_robot/lib:/home/dani/dvrk2_ws/install/sawIntuitiveResearchKitAll/lib:/home/dani/dvrk2_ws/install/sawTextToSpeechAll/lib:/home/dani/dvrk2_ws/install/sawRobotIO1394All/lib:/home/dani/dvrk2_ws/install/sawControllersAll/lib:/home/dani/dvrk2_ws/install/sawKeyboardAll/lib:/home/dani/dvrk2_ws/install/cisst_ros2_crtk/lib:/home/dani/dvrk2_ws/install/crtk_msgs/lib:/home/dani/dvrk2_ws/install/cisst_ros2_bridge/lib:/home/dani/dvrk2_ws/install/cisst_msgs/lib:/home/dani/dvrk2_ws/install/cisst/lib:/home/dani/dvrk2_ws/install/cisstNetlib/lib:/opt/ros/humble/opt/rviz_ogre_vendor/lib:/opt/ros/humble/lib/x86_64-linux-gnu:/opt/ros/humble/lib', 'SHLVL': '140', 'HOME': '/home/dani', 'DESKTOP_SESSION': 'ubuntu', 'QTDIR': '/usr/lib/x86_64-linux-gnu/qt5', 'GIO_LAUNCHED_DESKTOP_FILE': '/usr/share/applications/QtProject-qtcreator-ros-latest.desktop', 'GNOME_SHELL_SESSION_MODE': 'ubuntu', 'GTK_MODULES': 'gail:atk-bridge', 'ROS_PYTHON_VERSION': '3', 'MANAGERPID': '1645', 'DBUS_SESSION_BUS_ADDRESS': 'unix:path=/run/user/1000/bus', 'SYSTEMD_EXEC_PID': '1861', 'GIO_LAUNCHED_DESKTOP_FILE_PID': '67184', 'COLCON_PREFIX_PATH': '/home/dani/ros2_ws/install:/home/dani/dvrk2_ws/install', 'IM_CONFIG_PHASE': '1', 'ROS_DISTRO': 'humble', 'WAYLAND_DISPLAY': 'wayland-0', 'LOGNAME': 'dani', 'JOURNAL_STREAM': '8:38024', '_': '/usr/bin/env', 'PKG_CONFIG_PATH': '/home/dani/dvrk2_ws/install/dvrk_config_jhu/lib/x86_64-linux-gnu/pkgconfig:/home/dani/dvrk2_ws/install/dvrk_config_jhu/lib/pkgconfig:/home/dani/dvrk2_ws/install/cisst/lib/x86_64-linux-gnu/pkgconfig:/home/dani/dvrk2_ws/install/cisst/lib/pkgconfig:/home/dani/dvrk2_ws/install/cisstNetlib/lib/x86_64-linux-gnu/pkgconfig:/home/dani/dvrk2_ws/install/cisstNetlib/lib/pkgconfig', 'ROS_VERSION': '2', 'XDG_SESSION_CLASS': 'user', 'TERM': 'xterm', 'USERNAME': 'dani', 'GNOME_DESKTOP_SESSION_ID': 'this-is-deprecated', 'ROS_LOCALHOST_ONLY': '0', 'PATH': '/home/dani/dvrk2_ws/install/sawIntuitiveResearchKitAll/bin:/home/dani/dvrk2_ws/install/sawTextToSpeechAll/bin:/home/dani/dvrk2_ws/install/sawRobotIO1394All/bin:/home/dani/dvrk2_ws/install/sawControllersAll/bin:/home/dani/dvrk2_ws/install/cisst/bin:/opt/ros/humble/bin:/usr/local/sbin:/usr/local/bin:/usr/sbin:/usr/bin:/sbin:/bin:/usr/games:/usr/local/games:/snap/bin:/snap/bin', 'INVOCATION_ID': '1cfc6875ed344e3ea34194e0beb70d5c', 'SESSION_MANAGER': 'local/msi:@/tmp/.ICE-unix/1838,unix/msi:/tmp/.ICE-unix/1838', 'GNOME_SETUP_DISPLAY': ':1', 'XDG_MENU_PREFIX': 'gnome-', 'XDG_RUNTIME_DIR': '/run/user/1000', 'DISPLAY': ':0', 'LANG': 'en_US.UTF-8', 'XDG_CURRENT_DESKTOP': 'ubuntu:GNOME', 'XAUTHORITY': '/run/user/1000/.mutter-Xwaylandauth.IOF5D2', 'XDG_SESSION_DESKTOP': 'ubuntu', 'XMODIFIERS': '@im=ibus', 'AMENT_PREFIX_PATH': '/home/dani/dvrk2_ws/install/dvrk_robot:/home/dani/dvrk2_ws/install/dvrk_python:/home/dani/dvrk2_ws/install/dvrk_model:/home/dani/dvrk2_ws/install/cisst_ros2_crtk:/home/dani/dvrk2_ws/install/crtk_msgs:/home/dani/dvrk2_ws/install/crtk:/home/dani/dvrk2_ws/install/cisst_ros2_bridge:/home/dani/dvrk2_ws/install/cisst_msgs:/home/dani/ros2_ws/install/ros2_course:/opt/ros/humble', 'SSH_AGENT_LAUNCHER': 'gnome-keyring', 'SSH_AUTH_SOCK': '/run/user/1000/keyring/ssh', 'SHELL': '/bin/bash', 'GDMSESSION': 'ubuntu', 'QT_ACCESSIBILITY': '1', 'GJS_DEBUG_OUTPUT': 'stderr', 'QT_IM_MODULE': 'ibus', 'LC_ALL': 'C', 'PWD': '/home/dani/ros2_ws/build/ros2_course', 'XDG_CONFIG_DIRS': '/etc/xdg/xdg-ubuntu:/etc/xdg', 'XDG_DATA_DIRS': '/usr/share/ubuntu:/usr/local/share/:/usr/share/:/var/lib/snapd/desktop', 'PYTHONPATH': '/home/dani/ros2_ws/build/ros2_course/prefix_override:/home/dani/ros2_ws/install/ros2_course/lib/python3.10/site-packages:/home/dani/dvrk2_ws/build/dvrk_python/src:/home/dani/dvrk2_ws/install/dvrk_python/lib/python3.10/site-packages:/home/dani/dvrk2_ws/build/dvrk_model:/home/dani/dvrk2_ws/install/dvrk_model/lib/python3.10/site-packages:/home/dani/dvrk2_ws/install/crtk_msgs/local/lib/python3.10/dist-packages:/home/dani/dvrk2_ws/build/crtk/src:/home/dani/dvrk2_ws/install/crtk/lib/python3.10/site-packages:/home/dani/dvrk2_ws/install/cisst_msgs/local/lib/python3.10/dist-packages:/home/dani/ros2_ws/build/ros2_course:/home/dani/ros2_ws/install/ros2_course/lib/python3.10/site-packages:/opt/ros/humble/lib/python3.10/site-packages:/opt/ros/humble/local/lib/python3.10/dist-packages', 'COLCON': '1', 'CMAKE_PREFIX_PATH': '/home/dani/dvrk2_ws/install/dvrk_robot:/home/dani/dvrk2_ws/install/sawIntuitiveResearchKitAll:/home/dani/dvrk2_ws/install/sawTextToSpeechAll:/home/dani/dvrk2_ws/install/sawRobotIO1394All:/home/dani/dvrk2_ws/install/sawControllersAll:/home/dani/dvrk2_ws/install/sawKeyboardAll:/home/dani/dvrk2_ws/install/dvrk_config_jhu:/home/dani/dvrk2_ws/install/cisst_ros2_crtk:/home/dani/dvrk2_ws/install/crtk_msgs:/home/dani/dvrk2_ws/install/cisst_ros2_bridge:/home/dani/dvrk2_ws/install/cisst_msgs:/home/dani/dvrk2_ws/install/cisst:/home/dani/dvrk2_ws/install/cisstNetlib'}, 'shell': False}
[0.700177] (-) TimerEvent: {}
[0.800306] (-) TimerEvent: {}
[0.900460] (-) TimerEvent: {}
[0.904853] (ros2_course) StdoutLine: {'line': b'running develop\n'}
[0.905342] (ros2_course) StderrLine: {'line': b'/usr/lib/python3/dist-packages/setuptools/command/easy_install.py:158: EasyInstallDeprecationWarning: easy_install command is deprecated. Use build and pip and other standards-based tools.\n'}
[0.905421] (ros2_course) StderrLine: {'line': b'  warnings.warn(\n'}
[0.906307] (ros2_course) StderrLine: {'line': b'/usr/lib/python3/dist-packages/setuptools/command/install.py:34: SetuptoolsDeprecationWarning: setup.py install is deprecated. Use build and pip and other standards-based tools.\n'}
[0.906388] (ros2_course) StderrLine: {'line': b'  warnings.warn(\n'}
[1.000527] (-) TimerEvent: {}
[1.033287] (ros2_course) StdoutLine: {'line': b'Removing /home/dani/ros2_ws/install/ros2_course/lib/python3.10/site-packages/ros2-course.egg-link (link to .)\n'}
[1.050517] (ros2_course) CommandEnded: {'returncode': 0}
[1.051535] (ros2_course) Command: {'cmd': ['/usr/bin/python3', 'setup.py', 'egg_info', '--egg-base', '../../build/ros2_course', 'build', '--build-base', '/home/dani/ros2_ws/build/ros2_course/build', 'install', '--record', '/home/dani/ros2_ws/build/ros2_course/install.log', '--single-version-externally-managed'], 'cwd': '/home/dani/ros2_ws/src/ros2_course', 'env': {'GJS_DEBUG_TOPICS': 'JS ERROR;JS LOG', 'USER': 'dani', 'ROS_PACKAGE_PATH': '/home/dani/dvrk2_ws/install/cisst/share', 'XDG_SESSION_TYPE': 'wayland', 'LD_LIBRARY_PATH': '/home/dani/dvrk2_ws/install/dvrk_robot/lib:/home/dani/dvrk2_ws/install/sawIntuitiveResearchKitAll/lib:/home/dani/dvrk2_ws/install/sawTextToSpeechAll/lib:/home/dani/dvrk2_ws/install/sawRobotIO1394All/lib:/home/dani/dvrk2_ws/install/sawControllersAll/lib:/home/dani/dvrk2_ws/install/sawKeyboardAll/lib:/home/dani/dvrk2_ws/install/cisst_ros2_crtk/lib:/home/dani/dvrk2_ws/install/crtk_msgs/lib:/home/dani/dvrk2_ws/install/cisst_ros2_bridge/lib:/home/dani/dvrk2_ws/install/cisst_msgs/lib:/home/dani/dvrk2_ws/install/cisst/lib:/home/dani/dvrk2_ws/install/cisstNetlib/lib:/opt/ros/humble/opt/rviz_ogre_vendor/lib:/opt/ros/humble/lib/x86_64-linux-gnu:/opt/ros/humble/lib', 'SHLVL': '140', 'HOME': '/home/dani', 'DESKTOP_SESSION': 'ubuntu', 'QTDIR': '/usr/lib/x86_64-linux-gnu/qt5', 'GIO_LAUNCHED_DESKTOP_FILE': '/usr/share/applications/QtProject-qtcreator-ros-latest.desktop', 'GNOME_SHELL_SESSION_MODE': 'ubuntu', 'GTK_MODULES': 'gail:atk-bridge', 'ROS_PYTHON_VERSION': '3', 'MANAGERPID': '1645', 'DBUS_SESSION_BUS_ADDRESS': 'unix:path=/run/user/1000/bus', 'SYSTEMD_EXEC_PID': '1861', 'GIO_LAUNCHED_DESKTOP_FILE_PID': '67184', 'COLCON_PREFIX_PATH': '/home/dani/ros2_ws/install:/home/dani/dvrk2_ws/install', 'IM_CONFIG_PHASE': '1', 'ROS_DISTRO': 'humble', 'WAYLAND_DISPLAY': 'wayland-0', 'LOGNAME': 'dani', 'JOURNAL_STREAM': '8:38024', '_': '/usr/bin/env', 'PKG_CONFIG_PATH': '/home/dani/dvrk2_ws/install/dvrk_config_jhu/lib/x86_64-linux-gnu/pkgconfig:/home/dani/dvrk2_ws/install/dvrk_config_jhu/lib/pkgconfig:/home/dani/dvrk2_ws/install/cisst/lib/x86_64-linux-gnu/pkgconfig:/home/dani/dvrk2_ws/install/cisst/lib/pkgconfig:/home/dani/dvrk2_ws/install/cisstNetlib/lib/x86_64-linux-gnu/pkgconfig:/home/dani/dvrk2_ws/install/cisstNetlib/lib/pkgconfig', 'ROS_VERSION': '2', 'XDG_SESSION_CLASS': 'user', 'TERM': 'xterm', 'USERNAME': 'dani', 'GNOME_DESKTOP_SESSION_ID': 'this-is-deprecated', 'ROS_LOCALHOST_ONLY': '0', 'PATH': '/home/dani/dvrk2_ws/install/sawIntuitiveResearchKitAll/bin:/home/dani/dvrk2_ws/install/sawTextToSpeechAll/bin:/home/dani/dvrk2_ws/install/sawRobotIO1394All/bin:/home/dani/dvrk2_ws/install/sawControllersAll/bin:/home/dani/dvrk2_ws/install/cisst/bin:/opt/ros/humble/bin:/usr/local/sbin:/usr/local/bin:/usr/sbin:/usr/bin:/sbin:/bin:/usr/games:/usr/local/games:/snap/bin:/snap/bin', 'INVOCATION_ID': '1cfc6875ed344e3ea34194e0beb70d5c', 'SESSION_MANAGER': 'local/msi:@/tmp/.ICE-unix/1838,unix/msi:/tmp/.ICE-unix/1838', 'GNOME_SETUP_DISPLAY': ':1', 'XDG_MENU_PREFIX': 'gnome-', 'XDG_RUNTIME_DIR': '/run/user/1000', 'DISPLAY': ':0', 'LANG': 'en_US.UTF-8', 'XDG_CURRENT_DESKTOP': 'ubuntu:GNOME', 'XAUTHORITY': '/run/user/1000/.mutter-Xwaylandauth.IOF5D2', 'XDG_SESSION_DESKTOP': 'ubuntu', 'XMODIFIERS': '@im=ibus', 'AMENT_PREFIX_PATH': '/home/dani/dvrk2_ws/install/dvrk_robot:/home/dani/dvrk2_ws/install/dvrk_python:/home/dani/dvrk2_ws/install/dvrk_model:/home/dani/dvrk2_ws/install/cisst_ros2_crtk:/home/dani/dvrk2_ws/install/crtk_msgs:/home/dani/dvrk2_ws/install/crtk:/home/dani/dvrk2_ws/install/cisst_ros2_bridge:/home/dani/dvrk2_ws/install/cisst_msgs:/home/dani/ros2_ws/install/ros2_course:/opt/ros/humble', 'SSH_AGENT_LAUNCHER': 'gnome-keyring', 'SSH_AUTH_SOCK': '/run/user/1000/keyring/ssh', 'SHELL': '/bin/bash', 'GDMSESSION': 'ubuntu', 'QT_ACCESSIBILITY': '1', 'GJS_DEBUG_OUTPUT': 'stderr', 'QT_IM_MODULE': 'ibus', 'LC_ALL': 'C', 'PWD': '/home/dani/ros2_ws/build/ros2_course', 'XDG_CONFIG_DIRS': '/etc/xdg/xdg-ubuntu:/etc/xdg', 'XDG_DATA_DIRS': '/usr/share/ubuntu:/usr/local/share/:/usr/share/:/var/lib/snapd/desktop', 'PYTHONPATH': '/home/dani/ros2_ws/build/ros2_course/prefix_override:/home/dani/ros2_ws/install/ros2_course/lib/python3.10/site-packages:/home/dani/dvrk2_ws/build/dvrk_python/src:/home/dani/dvrk2_ws/install/dvrk_python/lib/python3.10/site-packages:/home/dani/dvrk2_ws/build/dvrk_model:/home/dani/dvrk2_ws/install/dvrk_model/lib/python3.10/site-packages:/home/dani/dvrk2_ws/install/crtk_msgs/local/lib/python3.10/dist-packages:/home/dani/dvrk2_ws/build/crtk/src:/home/dani/dvrk2_ws/install/crtk/lib/python3.10/site-packages:/home/dani/dvrk2_ws/install/cisst_msgs/local/lib/python3.10/dist-packages:/home/dani/ros2_ws/build/ros2_course:/home/dani/ros2_ws/install/ros2_course/lib/python3.10/site-packages:/opt/ros/humble/lib/python3.10/site-packages:/opt/ros/humble/local/lib/python3.10/dist-packages', 'COLCON': '1', 'CMAKE_PREFIX_PATH': '/home/dani/dvrk2_ws/install/dvrk_robot:/home/dani/dvrk2_ws/install/sawIntuitiveResearchKitAll:/home/dani/dvrk2_ws/install/sawTextToSpeechAll:/home/dani/dvrk2_ws/install/sawRobotIO1394All:/home/dani/dvrk2_ws/install/sawControllersAll:/home/dani/dvrk2_ws/install/sawKeyboardAll:/home/dani/dvrk2_ws/install/dvrk_config_jhu:/home/dani/dvrk2_ws/install/cisst_ros2_crtk:/home/dani/dvrk2_ws/install/crtk_msgs:/home/dani/dvrk2_ws/install/cisst_ros2_bridge:/home/dani/dvrk2_ws/install/cisst_msgs:/home/dani/dvrk2_ws/install/cisst:/home/dani/dvrk2_ws/install/cisstNetlib'}, 'shell': False}
[1.100609] (-) TimerEvent: {}
[1.200764] (-) TimerEvent: {}
[1.226807] (ros2_course) StdoutLine: {'line': b'running egg_info\n'}
[1.227252] (ros2_course) StdoutLine: {'line': b'writing ../../build/ros2_course/ros2_course.egg-info/PKG-INFO\n'}
[1.227522] (ros2_course) StdoutLine: {'line': b'writing dependency_links to ../../build/ros2_course/ros2_course.egg-info/dependency_links.txt\n'}
[1.227722] (ros2_course) StdoutLine: {'line': b'writing entry points to ../../build/ros2_course/ros2_course.egg-info/entry_points.txt\n'}
[1.227768] (ros2_course) StdoutLine: {'line': b'writing requirements to ../../build/ros2_course/ros2_course.egg-info/requires.txt\n'}
[1.227811] (ros2_course) StdoutLine: {'line': b'writing top-level names to ../../build/ros2_course/ros2_course.egg-info/top_level.txt\n'}
[1.228849] (ros2_course) StdoutLine: {'line': b"reading manifest file '../../build/ros2_course/ros2_course.egg-info/SOURCES.txt'\n"}
[1.237325] (ros2_course) StdoutLine: {'line': b"writing manifest file '../../build/ros2_course/ros2_course.egg-info/SOURCES.txt'\n"}
[1.237557] (ros2_course) StdoutLine: {'line': b'running build\n'}
[1.237691] (ros2_course) StdoutLine: {'line': b'running build_py\n'}
[1.238407] (ros2_course) StdoutLine: {'line': b'copying ros2_course/topic_latcher.py -> /home/dani/ros2_ws/build/ros2_course/build/lib/ros2_course\n'}
[1.238952] (ros2_course) StdoutLine: {'line': b'running install\n'}
[1.239389] (ros2_course) StderrLine: {'line': b'/usr/lib/python3/dist-packages/setuptools/command/install.py:34: SetuptoolsDeprecationWarning: setup.py install is deprecated. Use build and pip and other standards-based tools.\n'}
[1.239586] (ros2_course) StderrLine: {'line': b'  warnings.warn(\n'}
[1.239932] (ros2_course) StdoutLine: {'line': b'running install_lib\n'}
[1.241102] (ros2_course) StdoutLine: {'line': b'creating /home/dani/ros2_ws/install/ros2_course/lib/python3.10/site-packages/ros2_course\n'}
[1.241333] (ros2_course) StdoutLine: {'line': b'copying /home/dani/ros2_ws/build/ros2_course/build/lib/ros2_course/psm_grasp.py -> /home/dani/ros2_ws/install/ros2_course/lib/python3.10/site-packages/ros2_course\n'}
[1.241569] (ros2_course) StdoutLine: {'line': b'copying /home/dani/ros2_ws/build/ros2_course/build/lib/ros2_course/dummy_marker.py -> /home/dani/ros2_ws/install/ros2_course/lib/python3.10/site-packages/ros2_course\n'}
[1.241929] (ros2_course) StdoutLine: {'line': b'copying /home/dani/ros2_ws/build/ros2_course/build/lib/ros2_course/hello.py -> /home/dani/ros2_ws/install/ros2_course/lib/python3.10/site-packages/ros2_course\n'}
[1.242397] (ros2_course) StdoutLine: {'line': b'copying /home/dani/ros2_ws/build/ros2_course/build/lib/ros2_course/__init__.py -> /home/dani/ros2_ws/install/ros2_course/lib/python3.10/site-packages/ros2_course\n'}
[1.242553] (ros2_course) StdoutLine: {'line': b'copying /home/dani/ros2_ws/build/ros2_course/build/lib/ros2_course/topic_latcher.py -> /home/dani/ros2_ws/install/ros2_course/lib/python3.10/site-packages/ros2_course\n'}
[1.242814] (ros2_course) StdoutLine: {'line': b'copying /home/dani/ros2_ws/build/ros2_course/build/lib/ros2_course/turtlesim_controller.py -> /home/dani/ros2_ws/install/ros2_course/lib/python3.10/site-packages/ros2_course\n'}
[1.243538] (ros2_course) StdoutLine: {'line': b'byte-compiling /home/dani/ros2_ws/install/ros2_course/lib/python3.10/site-packages/ros2_course/psm_grasp.py to psm_grasp.cpython-310.pyc\n'}
[1.245434] (ros2_course) StdoutLine: {'line': b'byte-compiling /home/dani/ros2_ws/install/ros2_course/lib/python3.10/site-packages/ros2_course/dummy_marker.py to dummy_marker.cpython-310.pyc\n'}
[1.246164] (ros2_course) StdoutLine: {'line': b'byte-compiling /home/dani/ros2_ws/install/ros2_course/lib/python3.10/site-packages/ros2_course/hello.py to hello.cpython-310.pyc\n'}
[1.246442] (ros2_course) StdoutLine: {'line': b'byte-compiling /home/dani/ros2_ws/install/ros2_course/lib/python3.10/site-packages/ros2_course/__init__.py to __init__.cpython-310.pyc\n'}
[1.246713] (ros2_course) StdoutLine: {'line': b'byte-compiling /home/dani/ros2_ws/install/ros2_course/lib/python3.10/site-packages/ros2_course/topic_latcher.py to topic_latcher.cpython-310.pyc\n'}
[1.247181] (ros2_course) StdoutLine: {'line': b'byte-compiling /home/dani/ros2_ws/install/ros2_course/lib/python3.10/site-packages/ros2_course/turtlesim_controller.py to turtlesim_controller.cpython-310.pyc\n'}
[1.248200] (ros2_course) StdoutLine: {'line': b'running install_data\n'}
[1.248889] (ros2_course) StdoutLine: {'line': b'copying launch/view_ur.launch.py -> /home/dani/ros2_ws/install/ros2_course/share/ros2_course\n'}
[1.249159] (ros2_course) StdoutLine: {'line': b'running install_egg_info\n'}
[1.251133] (ros2_course) StdoutLine: {'line': b'Copying ../../build/ros2_course/ros2_course.egg-info to /home/dani/ros2_ws/install/ros2_course/lib/python3.10/site-packages/ros2_course-0.0.0-py3.10.egg-info\n'}
[1.252099] (ros2_course) StdoutLine: {'line': b'running install_scripts\n'}
[1.270996] (ros2_course) StdoutLine: {'line': b'Installing dummy_marker script to /home/dani/ros2_ws/install/ros2_course/lib/ros2_course\n'}
[1.271160] (ros2_course) StdoutLine: {'line': b'Installing hello script to /home/dani/ros2_ws/install/ros2_course/lib/ros2_course\n'}
[1.271248] (ros2_course) StdoutLine: {'line': b'Installing listener script to /home/dani/ros2_ws/install/ros2_course/lib/ros2_course\n'}
[1.271469] (ros2_course) StdoutLine: {'line': b'Installing psm_grasp script to /home/dani/ros2_ws/install/ros2_course/lib/ros2_course\n'}
[1.271540] (ros2_course) StdoutLine: {'line': b'Installing talker script to /home/dani/ros2_ws/install/ros2_course/lib/ros2_course\n'}
[1.271602] (ros2_course) StdoutLine: {'line': b'Installing topic_latcher script to /home/dani/ros2_ws/install/ros2_course/lib/ros2_course\n'}
[1.271695] (ros2_course) StdoutLine: {'line': b'Installing turtlesim_controller script to /home/dani/ros2_ws/install/ros2_course/lib/ros2_course\n'}
[1.271834] (ros2_course) StdoutLine: {'line': b"writing list of installed files to '/home/dani/ros2_ws/build/ros2_course/install.log'\n"}
[1.286314] (ros2_course) CommandEnded: {'returncode': 0}
[1.300855] (-) TimerEvent: {}
[1.331811] (ros2_course) JobEnded: {'identifier': 'ros2_course', 'rc': 0}
[1.332195] (-) EventReactorShutdown: {}
