[0.482s] Invoking command in '/home/dani/ros2_ws/build/ros2_course': PYTHONPATH=/home/dani/ros2_ws/build/ros2_course/prefix_override:/home/dani/ros2_ws/install/ros2_course/lib/python3.10/site-packages:${PYTHONPATH} /usr/bin/python3 setup.py develop --uninstall --editable --build-directory /home/dani/ros2_ws/build/ros2_course/build
[0.683s] running develop
[0.683s] /usr/lib/python3/dist-packages/setuptools/command/easy_install.py:158: EasyInstallDeprecationWarning: easy_install command is deprecated. Use build and pip and other standards-based tools.
[0.683s]   warnings.warn(
[0.684s] /usr/lib/python3/dist-packages/setuptools/command/install.py:34: SetuptoolsDeprecationWarning: setup.py install is deprecated. Use build and pip and other standards-based tools.
[0.684s]   warnings.warn(
[0.840s] Invoked command in '/home/dani/ros2_ws/build/ros2_course' returned '0': PYTHONPATH=/home/dani/ros2_ws/build/ros2_course/prefix_override:/home/dani/ros2_ws/install/ros2_course/lib/python3.10/site-packages:${PYTHONPATH} /usr/bin/python3 setup.py develop --uninstall --editable --build-directory /home/dani/ros2_ws/build/ros2_course/build
[0.840s] Invoking command in '/home/dani/ros2_ws/src/ros2_course': PYTHONPATH=/home/dani/ros2_ws/build/ros2_course/prefix_override:/home/dani/ros2_ws/install/ros2_course/lib/python3.10/site-packages:${PYTHONPATH} /usr/bin/python3 setup.py egg_info --egg-base ../../build/ros2_course build --build-base /home/dani/ros2_ws/build/ros2_course/build install --record /home/dani/ros2_ws/build/ros2_course/install.log --single-version-externally-managed
[1.025s] running egg_info
[1.025s] writing ../../build/ros2_course/ros2_course.egg-info/PKG-INFO
[1.025s] writing dependency_links to ../../build/ros2_course/ros2_course.egg-info/dependency_links.txt
[1.025s] writing entry points to ../../build/ros2_course/ros2_course.egg-info/entry_points.txt
[1.025s] writing requirements to ../../build/ros2_course/ros2_course.egg-info/requires.txt
[1.026s] writing top-level names to ../../build/ros2_course/ros2_course.egg-info/top_level.txt
[1.034s] reading manifest file '../../build/ros2_course/ros2_course.egg-info/SOURCES.txt'
[1.035s] writing manifest file '../../build/ros2_course/ros2_course.egg-info/SOURCES.txt'
[1.035s] running build
[1.035s] running build_py
[1.035s] copying ros2_course/psm_grasp.py -> /home/dani/ros2_ws/build/ros2_course/build/lib/ros2_course
[1.035s] running install
[1.036s] /usr/lib/python3/dist-packages/setuptools/command/install.py:34: SetuptoolsDeprecationWarning: setup.py install is deprecated. Use build and pip and other standards-based tools.
[1.036s]   warnings.warn(
[1.036s] running install_lib
[1.036s] copying /home/dani/ros2_ws/build/ros2_course/build/lib/ros2_course/psm_grasp.py -> /home/dani/ros2_ws/install/ros2_course/lib/python3.10/site-packages/ros2_course
[1.037s] byte-compiling /home/dani/ros2_ws/install/ros2_course/lib/python3.10/site-packages/ros2_course/psm_grasp.py to psm_grasp.cpython-310.pyc
[1.038s] running install_data
[1.039s] running install_egg_info
[1.040s] removing '/home/dani/ros2_ws/install/ros2_course/lib/python3.10/site-packages/ros2_course-0.0.0-py3.10.egg-info' (and everything under it)
[1.040s] Copying ../../build/ros2_course/ros2_course.egg-info to /home/dani/ros2_ws/install/ros2_course/lib/python3.10/site-packages/ros2_course-0.0.0-py3.10.egg-info
[1.041s] running install_scripts
[1.056s] Installing dummy_marker script to /home/dani/ros2_ws/install/ros2_course/lib/ros2_course
[1.056s] Installing hello script to /home/dani/ros2_ws/install/ros2_course/lib/ros2_course
[1.057s] Installing listener script to /home/dani/ros2_ws/install/ros2_course/lib/ros2_course
[1.057s] Installing psm_grasp script to /home/dani/ros2_ws/install/ros2_course/lib/ros2_course
[1.057s] Installing talker script to /home/dani/ros2_ws/install/ros2_course/lib/ros2_course
[1.057s] Installing turtlesim_controller script to /home/dani/ros2_ws/install/ros2_course/lib/ros2_course
[1.057s] writing list of installed files to '/home/dani/ros2_ws/build/ros2_course/install.log'
[1.073s] Invoked command in '/home/dani/ros2_ws/src/ros2_course' returned '0': PYTHONPATH=/home/dani/ros2_ws/build/ros2_course/prefix_override:/home/dani/ros2_ws/install/ros2_course/lib/python3.10/site-packages:${PYTHONPATH} /usr/bin/python3 setup.py egg_info --egg-base ../../build/ros2_course build --build-base /home/dani/ros2_ws/build/ros2_course/build install --record /home/dani/ros2_ws/build/ros2_course/install.log --single-version-externally-managed
