[0.417s] Invoking command in '/home/dani/ros2_ws/build/ros2_course': PYTHONPATH=/home/dani/ros2_ws/build/ros2_course/prefix_override:/home/dani/ros2_ws/install/ros2_course/lib/python3.10/site-packages:${PYTHONPATH} /usr/bin/python3 setup.py develop --uninstall --editable --build-directory /home/dani/ros2_ws/build/ros2_course/build
[0.614s] running develop
[0.614s] /usr/lib/python3/dist-packages/setuptools/command/easy_install.py:158: EasyInstallDeprecationWarning: easy_install command is deprecated. Use build and pip and other standards-based tools.
[0.614s]   warnings.warn(
[0.615s] /usr/lib/python3/dist-packages/setuptools/command/install.py:34: SetuptoolsDeprecationWarning: setup.py install is deprecated. Use build and pip and other standards-based tools.
[0.615s]   warnings.warn(
[0.741s] Invoked command in '/home/dani/ros2_ws/build/ros2_course' returned '0': PYTHONPATH=/home/dani/ros2_ws/build/ros2_course/prefix_override:/home/dani/ros2_ws/install/ros2_course/lib/python3.10/site-packages:${PYTHONPATH} /usr/bin/python3 setup.py develop --uninstall --editable --build-directory /home/dani/ros2_ws/build/ros2_course/build
[0.742s] Invoking command in '/home/dani/ros2_ws/src/ros2_course': PYTHONPATH=/home/dani/ros2_ws/build/ros2_course/prefix_override:/home/dani/ros2_ws/install/ros2_course/lib/python3.10/site-packages:${PYTHONPATH} /usr/bin/python3 setup.py egg_info --egg-base ../../build/ros2_course build --build-base /home/dani/ros2_ws/build/ros2_course/build install --record /home/dani/ros2_ws/build/ros2_course/install.log --single-version-externally-managed
[0.904s] running egg_info
[0.905s] writing ../../build/ros2_course/ros2_course.egg-info/PKG-INFO
[0.905s] writing dependency_links to ../../build/ros2_course/ros2_course.egg-info/dependency_links.txt
[0.905s] writing entry points to ../../build/ros2_course/ros2_course.egg-info/entry_points.txt
[0.905s] writing requirements to ../../build/ros2_course/ros2_course.egg-info/requires.txt
[0.905s] writing top-level names to ../../build/ros2_course/ros2_course.egg-info/top_level.txt
[0.906s] reading manifest file '../../build/ros2_course/ros2_course.egg-info/SOURCES.txt'
[0.913s] writing manifest file '../../build/ros2_course/ros2_course.egg-info/SOURCES.txt'
[0.914s] running build
[0.914s] running build_py
[0.914s] copying ros2_course/psm_grasp.py -> /home/dani/ros2_ws/build/ros2_course/build/lib/ros2_course
[0.915s] running install
[0.915s] /usr/lib/python3/dist-packages/setuptools/command/install.py:34: SetuptoolsDeprecationWarning: setup.py install is deprecated. Use build and pip and other standards-based tools.
[0.915s]   warnings.warn(
[0.915s] running install_lib
[0.915s] copying /home/dani/ros2_ws/build/ros2_course/build/lib/ros2_course/psm_grasp.py -> /home/dani/ros2_ws/install/ros2_course/lib/python3.10/site-packages/ros2_course
[0.916s] byte-compiling /home/dani/ros2_ws/install/ros2_course/lib/python3.10/site-packages/ros2_course/psm_grasp.py to psm_grasp.cpython-310.pyc
[0.916s] running install_data
[0.917s] running install_egg_info
[0.918s] removing '/home/dani/ros2_ws/install/ros2_course/lib/python3.10/site-packages/ros2_course-0.0.0-py3.10.egg-info' (and everything under it)
[0.918s] Copying ../../build/ros2_course/ros2_course.egg-info to /home/dani/ros2_ws/install/ros2_course/lib/python3.10/site-packages/ros2_course-0.0.0-py3.10.egg-info
[0.918s] running install_scripts
[0.932s] Installing dummy_marker script to /home/dani/ros2_ws/install/ros2_course/lib/ros2_course
[0.933s] Installing hello script to /home/dani/ros2_ws/install/ros2_course/lib/ros2_course
[0.933s] Installing listener script to /home/dani/ros2_ws/install/ros2_course/lib/ros2_course
[0.933s] Installing psm_grasp script to /home/dani/ros2_ws/install/ros2_course/lib/ros2_course
[0.933s] Installing talker script to /home/dani/ros2_ws/install/ros2_course/lib/ros2_course
[0.933s] Installing turtlesim_controller script to /home/dani/ros2_ws/install/ros2_course/lib/ros2_course
[0.933s] writing list of installed files to '/home/dani/ros2_ws/build/ros2_course/install.log'
[0.948s] Invoked command in '/home/dani/ros2_ws/src/ros2_course' returned '0': PYTHONPATH=/home/dani/ros2_ws/build/ros2_course/prefix_override:/home/dani/ros2_ws/install/ros2_course/lib/python3.10/site-packages:${PYTHONPATH} /usr/bin/python3 setup.py egg_info --egg-base ../../build/ros2_course build --build-base /home/dani/ros2_ws/build/ros2_course/build install --record /home/dani/ros2_ws/build/ros2_course/install.log --single-version-externally-managed
