[0.403s] Invoking command in '/home/dani/ros2_ws/build/ros2_course': PYTHONPATH=/home/dani/ros2_ws/build/ros2_course/prefix_override:/home/dani/ros2_ws/install/ros2_course/lib/python3.10/site-packages:${PYTHONPATH} /usr/bin/python3 setup.py develop --uninstall --editable --build-directory /home/dani/ros2_ws/build/ros2_course/build
[0.589s] running develop
[0.589s] /usr/lib/python3/dist-packages/setuptools/command/easy_install.py:158: EasyInstallDeprecationWarning: easy_install command is deprecated. Use build and pip and other standards-based tools.
[0.589s]   warnings.warn(
[0.590s] /usr/lib/python3/dist-packages/setuptools/command/install.py:34: SetuptoolsDeprecationWarning: setup.py install is deprecated. Use build and pip and other standards-based tools.
[0.590s]   warnings.warn(
[0.709s] Removing /home/dani/ros2_ws/install/ros2_course/lib/python3.10/site-packages/ros2-course.egg-link (link to .)
[0.724s] Invoked command in '/home/dani/ros2_ws/build/ros2_course' returned '0': PYTHONPATH=/home/dani/ros2_ws/build/ros2_course/prefix_override:/home/dani/ros2_ws/install/ros2_course/lib/python3.10/site-packages:${PYTHONPATH} /usr/bin/python3 setup.py develop --uninstall --editable --build-directory /home/dani/ros2_ws/build/ros2_course/build
[0.725s] Invoking command in '/home/dani/ros2_ws/src/ros2_course': PYTHONPATH=/home/dani/ros2_ws/build/ros2_course/prefix_override:/home/dani/ros2_ws/install/ros2_course/lib/python3.10/site-packages:${PYTHONPATH} /usr/bin/python3 setup.py egg_info --egg-base ../../build/ros2_course build --build-base /home/dani/ros2_ws/build/ros2_course/build install --record /home/dani/ros2_ws/build/ros2_course/install.log --single-version-externally-managed
[0.889s] running egg_info
[0.890s] writing ../../build/ros2_course/ros2_course.egg-info/PKG-INFO
[0.890s] writing dependency_links to ../../build/ros2_course/ros2_course.egg-info/dependency_links.txt
[0.890s] writing entry points to ../../build/ros2_course/ros2_course.egg-info/entry_points.txt
[0.890s] writing requirements to ../../build/ros2_course/ros2_course.egg-info/requires.txt
[0.890s] writing top-level names to ../../build/ros2_course/ros2_course.egg-info/top_level.txt
[0.891s] reading manifest file '../../build/ros2_course/ros2_course.egg-info/SOURCES.txt'
[0.892s] writing manifest file '../../build/ros2_course/ros2_course.egg-info/SOURCES.txt'
[0.892s] running build
[0.892s] running build_py
[0.892s] copying ros2_course/turtlesim_controller.py -> /home/dani/ros2_ws/build/ros2_course/build/lib/ros2_course
[0.892s] running install
[0.893s] /usr/lib/python3/dist-packages/setuptools/command/install.py:34: SetuptoolsDeprecationWarning: setup.py install is deprecated. Use build and pip and other standards-based tools.
[0.893s]   warnings.warn(
[0.893s] running install_lib
[0.893s] creating /home/dani/ros2_ws/install/ros2_course/lib/python3.10/site-packages/ros2_course
[0.893s] copying /home/dani/ros2_ws/build/ros2_course/build/lib/ros2_course/hello.py -> /home/dani/ros2_ws/install/ros2_course/lib/python3.10/site-packages/ros2_course
[0.893s] copying /home/dani/ros2_ws/build/ros2_course/build/lib/ros2_course/__init__.py -> /home/dani/ros2_ws/install/ros2_course/lib/python3.10/site-packages/ros2_course
[0.893s] copying /home/dani/ros2_ws/build/ros2_course/build/lib/ros2_course/turtlesim_controller.py -> /home/dani/ros2_ws/install/ros2_course/lib/python3.10/site-packages/ros2_course
[0.894s] byte-compiling /home/dani/ros2_ws/install/ros2_course/lib/python3.10/site-packages/ros2_course/hello.py to hello.cpython-310.pyc
[0.894s] byte-compiling /home/dani/ros2_ws/install/ros2_course/lib/python3.10/site-packages/ros2_course/__init__.py to __init__.cpython-310.pyc
[0.894s] byte-compiling /home/dani/ros2_ws/install/ros2_course/lib/python3.10/site-packages/ros2_course/turtlesim_controller.py to turtlesim_controller.cpython-310.pyc
[0.895s] running install_data
[0.895s] running install_egg_info
[0.896s] Copying ../../build/ros2_course/ros2_course.egg-info to /home/dani/ros2_ws/install/ros2_course/lib/python3.10/site-packages/ros2_course-0.0.0-py3.10.egg-info
[0.896s] running install_scripts
[0.912s] Installing hello script to /home/dani/ros2_ws/install/ros2_course/lib/ros2_course
[0.912s] Installing listener script to /home/dani/ros2_ws/install/ros2_course/lib/ros2_course
[0.912s] Installing talker script to /home/dani/ros2_ws/install/ros2_course/lib/ros2_course
[0.912s] Installing turtlesim_controller script to /home/dani/ros2_ws/install/ros2_course/lib/ros2_course
[0.912s] writing list of installed files to '/home/dani/ros2_ws/build/ros2_course/install.log'
[0.927s] Invoked command in '/home/dani/ros2_ws/src/ros2_course' returned '0': PYTHONPATH=/home/dani/ros2_ws/build/ros2_course/prefix_override:/home/dani/ros2_ws/install/ros2_course/lib/python3.10/site-packages:${PYTHONPATH} /usr/bin/python3 setup.py egg_info --egg-base ../../build/ros2_course build --build-base /home/dani/ros2_ws/build/ros2_course/build install --record /home/dani/ros2_ws/build/ros2_course/install.log --single-version-externally-managed
