[0.416s] Invoking command in '/home/dani/ros2_ws/build/ros2_course': PYTHONPATH=/home/dani/ros2_ws/build/ros2_course/prefix_override:/home/dani/ros2_ws/install/ros2_course/lib/python3.10/site-packages:${PYTHONPATH} /usr/bin/python3 setup.py develop --uninstall --editable --build-directory /home/dani/ros2_ws/build/ros2_course/build
[0.599s] running develop
[0.599s] /usr/lib/python3/dist-packages/setuptools/command/easy_install.py:158: EasyInstallDeprecationWarning: easy_install command is deprecated. Use build and pip and other standards-based tools.
[0.599s]   warnings.warn(
[0.600s] /usr/lib/python3/dist-packages/setuptools/command/install.py:34: SetuptoolsDeprecationWarning: setup.py install is deprecated. Use build and pip and other standards-based tools.
[0.600s]   warnings.warn(
[0.734s] Invoked command in '/home/dani/ros2_ws/build/ros2_course' returned '0': PYTHONPATH=/home/dani/ros2_ws/build/ros2_course/prefix_override:/home/dani/ros2_ws/install/ros2_course/lib/python3.10/site-packages:${PYTHONPATH} /usr/bin/python3 setup.py develop --uninstall --editable --build-directory /home/dani/ros2_ws/build/ros2_course/build
[0.736s] Invoking command in '/home/dani/ros2_ws/src/ros2_course': PYTHONPATH=/home/dani/ros2_ws/build/ros2_course/prefix_override:/home/dani/ros2_ws/install/ros2_course/lib/python3.10/site-packages:${PYTHONPATH} /usr/bin/python3 setup.py egg_info --egg-base ../../build/ros2_course build --build-base /home/dani/ros2_ws/build/ros2_course/build install --record /home/dani/ros2_ws/build/ros2_course/install.log --single-version-externally-managed
[0.903s] running egg_info
[0.903s] writing ../../build/ros2_course/ros2_course.egg-info/PKG-INFO
[0.904s] writing dependency_links to ../../build/ros2_course/ros2_course.egg-info/dependency_links.txt
[0.912s] writing entry points to ../../build/ros2_course/ros2_course.egg-info/entry_points.txt
[0.912s] writing requirements to ../../build/ros2_course/ros2_course.egg-info/requires.txt
[0.913s] writing top-level names to ../../build/ros2_course/ros2_course.egg-info/top_level.txt
[0.916s] reading manifest file '../../build/ros2_course/ros2_course.egg-info/SOURCES.txt'
[0.919s] writing manifest file '../../build/ros2_course/ros2_course.egg-info/SOURCES.txt'
[0.919s] running build
[0.919s] running build_py
[0.920s] copying ros2_course/dummy_marker.py -> /home/dani/ros2_ws/build/ros2_course/build/lib/ros2_course
[0.920s] running install
[0.920s] /usr/lib/python3/dist-packages/setuptools/command/install.py:34: SetuptoolsDeprecationWarning: setup.py install is deprecated. Use build and pip and other standards-based tools.
[0.920s]   warnings.warn(
[0.921s] running install_lib
[0.922s] copying /home/dani/ros2_ws/build/ros2_course/build/lib/ros2_course/dummy_marker.py -> /home/dani/ros2_ws/install/ros2_course/lib/python3.10/site-packages/ros2_course
[0.923s] byte-compiling /home/dani/ros2_ws/install/ros2_course/lib/python3.10/site-packages/ros2_course/dummy_marker.py to dummy_marker.cpython-310.pyc
[0.924s] running install_data
[0.924s] running install_egg_info
[0.926s] removing '/home/dani/ros2_ws/install/ros2_course/lib/python3.10/site-packages/ros2_course-0.0.0-py3.10.egg-info' (and everything under it)
[0.927s] Copying ../../build/ros2_course/ros2_course.egg-info to /home/dani/ros2_ws/install/ros2_course/lib/python3.10/site-packages/ros2_course-0.0.0-py3.10.egg-info
[0.928s] running install_scripts
[0.947s] Installing dummy_marker script to /home/dani/ros2_ws/install/ros2_course/lib/ros2_course
[0.947s] Installing hello script to /home/dani/ros2_ws/install/ros2_course/lib/ros2_course
[0.948s] Installing listener script to /home/dani/ros2_ws/install/ros2_course/lib/ros2_course
[0.948s] Installing psm_grasp script to /home/dani/ros2_ws/install/ros2_course/lib/ros2_course
[0.948s] Installing talker script to /home/dani/ros2_ws/install/ros2_course/lib/ros2_course
[0.948s] Installing turtlesim_controller script to /home/dani/ros2_ws/install/ros2_course/lib/ros2_course
[0.948s] writing list of installed files to '/home/dani/ros2_ws/build/ros2_course/install.log'
[0.963s] Invoked command in '/home/dani/ros2_ws/src/ros2_course' returned '0': PYTHONPATH=/home/dani/ros2_ws/build/ros2_course/prefix_override:/home/dani/ros2_ws/install/ros2_course/lib/python3.10/site-packages:${PYTHONPATH} /usr/bin/python3 setup.py egg_info --egg-base ../../build/ros2_course build --build-base /home/dani/ros2_ws/build/ros2_course/build install --record /home/dani/ros2_ws/build/ros2_course/install.log --single-version-externally-managed
