[0.643s] Invoking command in '/home/dani/ros2_ws/src/ros2_course': PYTHONPATH=/home/dani/ros2_ws/build/ros2_course/prefix_override:/home/dani/ros2_ws/install/ros2_course/lib/python3.10/site-packages:${PYTHONPATH} /usr/bin/python3 setup.py egg_info --egg-base ../../build/ros2_course build --build-base /home/dani/ros2_ws/build/ros2_course/build install --record /home/dani/ros2_ws/build/ros2_course/install.log --single-version-externally-managed
[0.833s] running egg_info
[0.833s] writing ../../build/ros2_course/ros2_course.egg-info/PKG-INFO
[0.833s] writing dependency_links to ../../build/ros2_course/ros2_course.egg-info/dependency_links.txt
[0.833s] writing entry points to ../../build/ros2_course/ros2_course.egg-info/entry_points.txt
[0.833s] writing requirements to ../../build/ros2_course/ros2_course.egg-info/requires.txt
[0.833s] writing top-level names to ../../build/ros2_course/ros2_course.egg-info/top_level.txt
[0.835s] reading manifest file '../../build/ros2_course/ros2_course.egg-info/SOURCES.txt'
[0.835s] writing manifest file '../../build/ros2_course/ros2_course.egg-info/SOURCES.txt'
[0.835s] running build
[0.835s] running build_py
[0.835s] copying ros2_course/ur_controller.py -> /home/dani/ros2_ws/build/ros2_course/build/lib/ros2_course
[0.836s] running install
[0.836s] /usr/lib/python3/dist-packages/setuptools/command/install.py:34: SetuptoolsDeprecationWarning: setup.py install is deprecated. Use build and pip and other standards-based tools.
[0.836s]   warnings.warn(
[0.836s] running install_lib
[0.836s] copying /home/dani/ros2_ws/build/ros2_course/build/lib/ros2_course/ur_controller.py -> /home/dani/ros2_ws/install/ros2_course/lib/python3.10/site-packages/ros2_course
[0.837s] byte-compiling /home/dani/ros2_ws/install/ros2_course/lib/python3.10/site-packages/ros2_course/ur_controller.py to ur_controller.cpython-310.pyc
[0.837s] running install_data
[0.838s] running install_egg_info
[0.839s] removing '/home/dani/ros2_ws/install/ros2_course/lib/python3.10/site-packages/ros2_course-0.0.0-py3.10.egg-info' (and everything under it)
[0.840s] Copying ../../build/ros2_course/ros2_course.egg-info to /home/dani/ros2_ws/install/ros2_course/lib/python3.10/site-packages/ros2_course-0.0.0-py3.10.egg-info
[0.840s] running install_scripts
[0.857s] Installing dummy_marker script to /home/dani/ros2_ws/install/ros2_course/lib/ros2_course
[0.857s] Installing hello script to /home/dani/ros2_ws/install/ros2_course/lib/ros2_course
[0.857s] Installing listener script to /home/dani/ros2_ws/install/ros2_course/lib/ros2_course
[0.857s] Installing psm_grasp script to /home/dani/ros2_ws/install/ros2_course/lib/ros2_course
[0.857s] Installing talker script to /home/dani/ros2_ws/install/ros2_course/lib/ros2_course
[0.857s] Installing topic_latcher script to /home/dani/ros2_ws/install/ros2_course/lib/ros2_course
[0.857s] Installing turtlesim_controller script to /home/dani/ros2_ws/install/ros2_course/lib/ros2_course
[0.858s] Installing ur_controller script to /home/dani/ros2_ws/install/ros2_course/lib/ros2_course
[0.858s] writing list of installed files to '/home/dani/ros2_ws/build/ros2_course/install.log'
[0.873s] Invoked command in '/home/dani/ros2_ws/src/ros2_course' returned '0': PYTHONPATH=/home/dani/ros2_ws/build/ros2_course/prefix_override:/home/dani/ros2_ws/install/ros2_course/lib/python3.10/site-packages:${PYTHONPATH} /usr/bin/python3 setup.py egg_info --egg-base ../../build/ros2_course build --build-base /home/dani/ros2_ws/build/ros2_course/build install --record /home/dani/ros2_ws/build/ros2_course/install.log --single-version-externally-managed
