[0.692s] Invoking command in '/home/dani/ros2_ws/build/ros2_course': PYTHONPATH=/home/dani/ros2_ws/build/ros2_course/prefix_override:/home/dani/ros2_ws/install/ros2_course/lib/python3.10/site-packages:${PYTHONPATH} /usr/bin/python3 setup.py develop --uninstall --editable --build-directory /home/dani/ros2_ws/build/ros2_course/build
[0.905s] running develop
[0.905s] /usr/lib/python3/dist-packages/setuptools/command/easy_install.py:158: EasyInstallDeprecationWarning: easy_install command is deprecated. Use build and pip and other standards-based tools.
[0.905s]   warnings.warn(
[0.906s] /usr/lib/python3/dist-packages/setuptools/command/install.py:34: SetuptoolsDeprecationWarning: setup.py install is deprecated. Use build and pip and other standards-based tools.
[0.906s]   warnings.warn(
[1.033s] Removing /home/dani/ros2_ws/install/ros2_course/lib/python3.10/site-packages/ros2-course.egg-link (link to .)
[1.051s] Invoked command in '/home/dani/ros2_ws/build/ros2_course' returned '0': PYTHONPATH=/home/dani/ros2_ws/build/ros2_course/prefix_override:/home/dani/ros2_ws/install/ros2_course/lib/python3.10/site-packages:${PYTHONPATH} /usr/bin/python3 setup.py develop --uninstall --editable --build-directory /home/dani/ros2_ws/build/ros2_course/build
[1.052s] Invoking command in '/home/dani/ros2_ws/src/ros2_course': PYTHONPATH=/home/dani/ros2_ws/build/ros2_course/prefix_override:/home/dani/ros2_ws/install/ros2_course/lib/python3.10/site-packages:${PYTHONPATH} /usr/bin/python3 setup.py egg_info --egg-base ../../build/ros2_course build --build-base /home/dani/ros2_ws/build/ros2_course/build install --record /home/dani/ros2_ws/build/ros2_course/install.log --single-version-externally-managed
[1.227s] running egg_info
[1.227s] writing ../../build/ros2_course/ros2_course.egg-info/PKG-INFO
[1.228s] writing dependency_links to ../../build/ros2_course/ros2_course.egg-info/dependency_links.txt
[1.228s] writing entry points to ../../build/ros2_course/ros2_course.egg-info/entry_points.txt
[1.228s] writing requirements to ../../build/ros2_course/ros2_course.egg-info/requires.txt
[1.228s] writing top-level names to ../../build/ros2_course/ros2_course.egg-info/top_level.txt
[1.229s] reading manifest file '../../build/ros2_course/ros2_course.egg-info/SOURCES.txt'
[1.237s] writing manifest file '../../build/ros2_course/ros2_course.egg-info/SOURCES.txt'
[1.238s] running build
[1.238s] running build_py
[1.238s] copying ros2_course/topic_latcher.py -> /home/dani/ros2_ws/build/ros2_course/build/lib/ros2_course
[1.239s] running install
[1.239s] /usr/lib/python3/dist-packages/setuptools/command/install.py:34: SetuptoolsDeprecationWarning: setup.py install is deprecated. Use build and pip and other standards-based tools.
[1.240s]   warnings.warn(
[1.240s] running install_lib
[1.241s] creating /home/dani/ros2_ws/install/ros2_course/lib/python3.10/site-packages/ros2_course
[1.241s] copying /home/dani/ros2_ws/build/ros2_course/build/lib/ros2_course/psm_grasp.py -> /home/dani/ros2_ws/install/ros2_course/lib/python3.10/site-packages/ros2_course
[1.242s] copying /home/dani/ros2_ws/build/ros2_course/build/lib/ros2_course/dummy_marker.py -> /home/dani/ros2_ws/install/ros2_course/lib/python3.10/site-packages/ros2_course
[1.242s] copying /home/dani/ros2_ws/build/ros2_course/build/lib/ros2_course/hello.py -> /home/dani/ros2_ws/install/ros2_course/lib/python3.10/site-packages/ros2_course
[1.242s] copying /home/dani/ros2_ws/build/ros2_course/build/lib/ros2_course/__init__.py -> /home/dani/ros2_ws/install/ros2_course/lib/python3.10/site-packages/ros2_course
[1.243s] copying /home/dani/ros2_ws/build/ros2_course/build/lib/ros2_course/topic_latcher.py -> /home/dani/ros2_ws/install/ros2_course/lib/python3.10/site-packages/ros2_course
[1.243s] copying /home/dani/ros2_ws/build/ros2_course/build/lib/ros2_course/turtlesim_controller.py -> /home/dani/ros2_ws/install/ros2_course/lib/python3.10/site-packages/ros2_course
[1.244s] byte-compiling /home/dani/ros2_ws/install/ros2_course/lib/python3.10/site-packages/ros2_course/psm_grasp.py to psm_grasp.cpython-310.pyc
[1.245s] byte-compiling /home/dani/ros2_ws/install/ros2_course/lib/python3.10/site-packages/ros2_course/dummy_marker.py to dummy_marker.cpython-310.pyc
[1.246s] byte-compiling /home/dani/ros2_ws/install/ros2_course/lib/python3.10/site-packages/ros2_course/hello.py to hello.cpython-310.pyc
[1.246s] byte-compiling /home/dani/ros2_ws/install/ros2_course/lib/python3.10/site-packages/ros2_course/__init__.py to __init__.cpython-310.pyc
[1.247s] byte-compiling /home/dani/ros2_ws/install/ros2_course/lib/python3.10/site-packages/ros2_course/topic_latcher.py to topic_latcher.cpython-310.pyc
[1.247s] byte-compiling /home/dani/ros2_ws/install/ros2_course/lib/python3.10/site-packages/ros2_course/turtlesim_controller.py to turtlesim_controller.cpython-310.pyc
[1.248s] running install_data
[1.249s] copying launch/view_ur.launch.py -> /home/dani/ros2_ws/install/ros2_course/share/ros2_course
[1.249s] running install_egg_info
[1.251s] Copying ../../build/ros2_course/ros2_course.egg-info to /home/dani/ros2_ws/install/ros2_course/lib/python3.10/site-packages/ros2_course-0.0.0-py3.10.egg-info
[1.252s] running install_scripts
[1.271s] Installing dummy_marker script to /home/dani/ros2_ws/install/ros2_course/lib/ros2_course
[1.271s] Installing hello script to /home/dani/ros2_ws/install/ros2_course/lib/ros2_course
[1.271s] Installing listener script to /home/dani/ros2_ws/install/ros2_course/lib/ros2_course
[1.271s] Installing psm_grasp script to /home/dani/ros2_ws/install/ros2_course/lib/ros2_course
[1.272s] Installing talker script to /home/dani/ros2_ws/install/ros2_course/lib/ros2_course
[1.272s] Installing topic_latcher script to /home/dani/ros2_ws/install/ros2_course/lib/ros2_course
[1.272s] Installing turtlesim_controller script to /home/dani/ros2_ws/install/ros2_course/lib/ros2_course
[1.272s] writing list of installed files to '/home/dani/ros2_ws/build/ros2_course/install.log'
[1.286s] Invoked command in '/home/dani/ros2_ws/src/ros2_course' returned '0': PYTHONPATH=/home/dani/ros2_ws/build/ros2_course/prefix_override:/home/dani/ros2_ws/install/ros2_course/lib/python3.10/site-packages:${PYTHONPATH} /usr/bin/python3 setup.py egg_info --egg-base ../../build/ros2_course build --build-base /home/dani/ros2_ws/build/ros2_course/build install --record /home/dani/ros2_ws/build/ros2_course/install.log --single-version-externally-managed
