/home/dani/ros2_ws/install/ros2_course/lib/python3.10/site-packages/ros2_course/psm_grasp.py
/home/dani/ros2_ws/install/ros2_course/lib/python3.10/site-packages/ros2_course/dummy_marker.py
/home/dani/ros2_ws/install/ros2_course/lib/python3.10/site-packages/ros2_course/ur_controller.py
/home/dani/ros2_ws/install/ros2_course/lib/python3.10/site-packages/ros2_course/hello.py
/home/dani/ros2_ws/install/ros2_course/lib/python3.10/site-packages/ros2_course/__init__.py
/home/dani/ros2_ws/install/ros2_course/lib/python3.10/site-packages/ros2_course/topic_latcher.py
/home/dani/ros2_ws/install/ros2_course/lib/python3.10/site-packages/ros2_course/turtlesim_controller.py
/home/dani/ros2_ws/install/ros2_course/lib/python3.10/site-packages/ros2_course/__pycache__/psm_grasp.cpython-310.pyc
/home/dani/ros2_ws/install/ros2_course/lib/python3.10/site-packages/ros2_course/__pycache__/dummy_marker.cpython-310.pyc
/home/dani/ros2_ws/install/ros2_course/lib/python3.10/site-packages/ros2_course/__pycache__/ur_controller.cpython-310.pyc
/home/dani/ros2_ws/install/ros2_course/lib/python3.10/site-packages/ros2_course/__pycache__/hello.cpython-310.pyc
/home/dani/ros2_ws/install/ros2_course/lib/python3.10/site-packages/ros2_course/__pycache__/__init__.cpython-310.pyc
/home/dani/ros2_ws/install/ros2_course/lib/python3.10/site-packages/ros2_course/__pycache__/topic_latcher.cpython-310.pyc
/home/dani/ros2_ws/install/ros2_course/lib/python3.10/site-packages/ros2_course/__pycache__/turtlesim_controller.cpython-310.pyc
/home/dani/ros2_ws/install/ros2_course/share/ament_index/resource_index/packages/ros2_course
/home/dani/ros2_ws/install/ros2_course/share/ros2_course/package.xml
/home/dani/ros2_ws/install/ros2_course/share/ros2_course/view_ur.launch.py
/home/dani/ros2_ws/install/ros2_course/lib/python3.10/site-packages/ros2_course-0.0.0-py3.10.egg-info/entry_points.txt
/home/dani/ros2_ws/install/ros2_course/lib/python3.10/site-packages/ros2_course-0.0.0-py3.10.egg-info/dependency_links.txt
/home/dani/ros2_ws/install/ros2_course/lib/python3.10/site-packages/ros2_course-0.0.0-py3.10.egg-info/requires.txt
/home/dani/ros2_ws/install/ros2_course/lib/python3.10/site-packages/ros2_course-0.0.0-py3.10.egg-info/zip-safe
/home/dani/ros2_ws/install/ros2_course/lib/python3.10/site-packages/ros2_course-0.0.0-py3.10.egg-info/top_level.txt
/home/dani/ros2_ws/install/ros2_course/lib/python3.10/site-packages/ros2_course-0.0.0-py3.10.egg-info/SOURCES.txt
/home/dani/ros2_ws/install/ros2_course/lib/python3.10/site-packages/ros2_course-0.0.0-py3.10.egg-info/PKG-INFO
/home/dani/ros2_ws/install/ros2_course/lib/ros2_course/dummy_marker
/home/dani/ros2_ws/install/ros2_course/lib/ros2_course/hello
/home/dani/ros2_ws/install/ros2_course/lib/ros2_course/listener
/home/dani/ros2_ws/install/ros2_course/lib/ros2_course/psm_grasp
/home/dani/ros2_ws/install/ros2_course/lib/ros2_course/talker
/home/dani/ros2_ws/install/ros2_course/lib/ros2_course/topic_latcher
/home/dani/ros2_ws/install/ros2_course/lib/ros2_course/turtlesim_controller
/home/dani/ros2_ws/install/ros2_course/lib/ros2_course/ur_controller
