[0.580s] Invoking command in '/home/dani/ros2_ws/src/ros2_course': PYTHONPATH=/home/dani/ros2_ws/build/ros2_course/prefix_override:/home/dani/ros2_ws/install/ros2_course/lib/python3.10/site-packages:${PYTHONPATH} /usr/bin/python3 setup.py egg_info --egg-base ../../build/ros2_course build --build-base /home/dani/ros2_ws/build/ros2_course/build install --record /home/dani/ros2_ws/build/ros2_course/install.log --single-version-externally-managed
[0.760s] running egg_info
[0.761s] writing ../../build/ros2_course/ros2_course.egg-info/PKG-INFO
[0.761s] writing dependency_links to ../../build/ros2_course/ros2_course.egg-info/dependency_links.txt
[0.761s] writing entry points to ../../build/ros2_course/ros2_course.egg-info/entry_points.txt
[0.761s] writing requirements to ../../build/ros2_course/ros2_course.egg-info/requires.txt
[0.761s] writing top-level names to ../../build/ros2_course/ros2_course.egg-info/top_level.txt
[0.762s] reading manifest file '../../build/ros2_course/ros2_course.egg-info/SOURCES.txt'
[0.763s] writing manifest file '../../build/ros2_course/ros2_course.egg-info/SOURCES.txt'
[0.763s] running build
[0.763s] running build_py
[0.763s] copying ros2_course/turtlesim_controller.py -> /home/dani/ros2_ws/build/ros2_course/build/lib/ros2_course
[0.763s] running install
[0.763s] /usr/lib/python3/dist-packages/setuptools/command/install.py:34: SetuptoolsDeprecationWarning: setup.py install is deprecated. Use build and pip and other standards-based tools.
[0.763s]   warnings.warn(
[0.763s] running install_lib
[0.764s] copying /home/dani/ros2_ws/build/ros2_course/build/lib/ros2_course/turtlesim_controller.py -> /home/dani/ros2_ws/install/ros2_course/lib/python3.10/site-packages/ros2_course
[0.765s] byte-compiling /home/dani/ros2_ws/install/ros2_course/lib/python3.10/site-packages/ros2_course/turtlesim_controller.py to turtlesim_controller.cpython-310.pyc
[0.765s] Sorry: IndentationError: unindent does not match any outer indentation level (turtlesim_controller.py, line 128)
[0.765s] running install_data
[0.766s] running install_egg_info
[0.767s] removing '/home/dani/ros2_ws/install/ros2_course/lib/python3.10/site-packages/ros2_course-0.0.0-py3.10.egg-info' (and everything under it)
[0.767s] Copying ../../build/ros2_course/ros2_course.egg-info to /home/dani/ros2_ws/install/ros2_course/lib/python3.10/site-packages/ros2_course-0.0.0-py3.10.egg-info
[0.768s] running install_scripts
[0.783s] Installing dummy_marker script to /home/dani/ros2_ws/install/ros2_course/lib/ros2_course
[0.783s] Installing hello script to /home/dani/ros2_ws/install/ros2_course/lib/ros2_course
[0.783s] Installing listener script to /home/dani/ros2_ws/install/ros2_course/lib/ros2_course
[0.783s] Installing psm_grasp script to /home/dani/ros2_ws/install/ros2_course/lib/ros2_course
[0.783s] Installing talker script to /home/dani/ros2_ws/install/ros2_course/lib/ros2_course
[0.783s] Installing topic_latcher script to /home/dani/ros2_ws/install/ros2_course/lib/ros2_course
[0.783s] Installing turtlesim_controller script to /home/dani/ros2_ws/install/ros2_course/lib/ros2_course
[0.783s] Installing ur_controller script to /home/dani/ros2_ws/install/ros2_course/lib/ros2_course
[0.784s] writing list of installed files to '/home/dani/ros2_ws/build/ros2_course/install.log'
[0.798s] Invoked command in '/home/dani/ros2_ws/src/ros2_course' returned '0': PYTHONPATH=/home/dani/ros2_ws/build/ros2_course/prefix_override:/home/dani/ros2_ws/install/ros2_course/lib/python3.10/site-packages:${PYTHONPATH} /usr/bin/python3 setup.py egg_info --egg-base ../../build/ros2_course build --build-base /home/dani/ros2_ws/build/ros2_course/build install --record /home/dani/ros2_ws/build/ros2_course/install.log --single-version-externally-managed
