[0.000000] (-) TimerEvent: {}
[0.000042] (ros2_course) JobQueued: {'identifier': 'ros2_course', 'dependencies': OrderedDict()}
[0.000062] (ros2_course) JobStarted: {'identifier': 'ros2_course'}
[0.099056] (-) TimerEvent: {}
[0.199262] (-) TimerEvent: {}
[0.299376] (-) TimerEvent: {}
[0.399548] (-) TimerEvent: {}
[0.421901] (ros2_course) Command: {'cmd': ['/usr/bin/python3', 'setup.py', 'develop', '--uninstall', '--editable', '--build-directory', '/home/dani/ros2_ws/build/ros2_course/build'], 'cwd': '/home/dani/ros2_ws/build/ros2_course', 'env': {'GJS_DEBUG_TOPICS': 'JS ERROR;JS LOG', 'USER': 'dani', 'XDG_SESSION_TYPE': 'wayland', 'LD_LIBRARY_PATH': '/opt/ros/humble/opt/rviz_ogre_vendor/lib:/opt/ros/humble/lib/x86_64-linux-gnu:/opt/ros/humble/lib', 'SHLVL': '24', 'HOME': '/home/dani', 'DESKTOP_SESSION': 'ubuntu', 'QTDIR': '/usr/lib/x86_64-linux-gnu/qt5', 'GIO_LAUNCHED_DESKTOP_FILE': '/usr/share/applications/QtProject-qtcreator-ros-latest.desktop', 'GNOME_SHELL_SESSION_MODE': 'ubuntu', 'GTK_MODULES': 'gail:atk-bridge', 'ROS_PYTHON_VERSION': '3', 'MANAGERPID': '1641', 'DBUS_SESSION_BUS_ADDRESS': 'unix:path=/run/user/1000/bus', 'SYSTEMD_EXEC_PID': '1828', 'GIO_LAUNCHED_DESKTOP_FILE_PID': '45123', 'COLCON_PREFIX_PATH': '/home/dani/ros2_ws/install', 'IM_CONFIG_PHASE': '1', 'ROS_DISTRO': 'humble', 'WAYLAND_DISPLAY': 'wayland-0', 'LOGNAME': 'dani', 'JOURNAL_STREAM': '8:33333', '_': '/usr/bin/env', 'ROS_VERSION': '2', 'XDG_SESSION_CLASS': 'user', 'TERM': 'xterm', 'USERNAME': 'dani', 'GNOME_DESKTOP_SESSION_ID': 'this-is-deprecated', 'ROS_LOCALHOST_ONLY': '0', 'PATH': '/opt/ros/humble/bin:/usr/local/sbin:/usr/local/bin:/usr/sbin:/usr/bin:/sbin:/bin:/usr/games:/usr/local/games:/snap/bin:/snap/bin', 'INVOCATION_ID': 'aa128a5843c54155af36cd2dd78ec1ab', 'SESSION_MANAGER': 'local/msi:@/tmp/.ICE-unix/1797,unix/msi:/tmp/.ICE-unix/1797', 'GNOME_SETUP_DISPLAY': ':1', 'XDG_MENU_PREFIX': 'gnome-', 'XDG_RUNTIME_DIR': '/run/user/1000', 'DISPLAY': ':0', 'LANG': 'en_US.UTF-8', 'XDG_CURRENT_DESKTOP': 'ubuntu:GNOME', 'XAUTHORITY': '/run/user/1000/.mutter-Xwaylandauth.35Q1B2', 'XDG_SESSION_DESKTOP': 'ubuntu', 'XMODIFIERS': '@im=ibus', 'AMENT_PREFIX_PATH': '/home/dani/ros2_ws/install/ros2_course:/opt/ros/humble', 'SSH_AGENT_LAUNCHER': 'gnome-keyring', 'SSH_AUTH_SOCK': '/run/user/1000/keyring/ssh', 'SHELL': '/bin/bash', 'GDMSESSION': 'ubuntu', 'QT_ACCESSIBILITY': '1', 'GJS_DEBUG_OUTPUT': 'stderr', 'QT_IM_MODULE': 'ibus', 'LC_ALL': 'C', 'PWD': '/home/dani/ros2_ws/build/ros2_course', 'XDG_CONFIG_DIRS': '/etc/xdg/xdg-ubuntu:/etc/xdg', 'XDG_DATA_DIRS': '/usr/share/ubuntu:/usr/local/share/:/usr/share/:/var/lib/snapd/desktop', 'PYTHONPATH': '/home/dani/ros2_ws/build/ros2_course/prefix_override:/home/dani/ros2_ws/install/ros2_course/lib/python3.10/site-packages:/home/dani/ros2_ws/build/ros2_course:/home/dani/ros2_ws/install/ros2_course/lib/python3.10/site-packages:/opt/ros/humble/lib/python3.10/site-packages:/opt/ros/humble/local/lib/python3.10/dist-packages', 'COLCON': '1'}, 'shell': False}
[0.499618] (-) TimerEvent: {}
[0.599740] (-) TimerEvent: {}
[0.602534] (ros2_course) StdoutLine: {'line': b'running develop\n'}
[0.602700] (ros2_course) StderrLine: {'line': b'/usr/lib/python3/dist-packages/setuptools/command/easy_install.py:158: EasyInstallDeprecationWarning: easy_install command is deprecated. Use build and pip and other standards-based tools.\n'}
[0.602758] (ros2_course) StderrLine: {'line': b'  warnings.warn(\n'}
[0.603570] (ros2_course) StderrLine: {'line': b'/usr/lib/python3/dist-packages/setuptools/command/install.py:34: SetuptoolsDeprecationWarning: setup.py install is deprecated. Use build and pip and other standards-based tools.\n'}
[0.603676] (ros2_course) StderrLine: {'line': b'  warnings.warn(\n'}
[0.699845] (-) TimerEvent: {}
[0.734465] (ros2_course) CommandEnded: {'returncode': 0}
[0.735675] (ros2_course) Command: {'cmd': ['/usr/bin/python3', 'setup.py', 'egg_info', '--egg-base', '../../build/ros2_course', 'build', '--build-base', '/home/dani/ros2_ws/build/ros2_course/build', 'install', '--record', '/home/dani/ros2_ws/build/ros2_course/install.log', '--single-version-externally-managed'], 'cwd': '/home/dani/ros2_ws/src/ros2_course', 'env': {'GJS_DEBUG_TOPICS': 'JS ERROR;JS LOG', 'USER': 'dani', 'XDG_SESSION_TYPE': 'wayland', 'LD_LIBRARY_PATH': '/opt/ros/humble/opt/rviz_ogre_vendor/lib:/opt/ros/humble/lib/x86_64-linux-gnu:/opt/ros/humble/lib', 'SHLVL': '24', 'HOME': '/home/dani', 'DESKTOP_SESSION': 'ubuntu', 'QTDIR': '/usr/lib/x86_64-linux-gnu/qt5', 'GIO_LAUNCHED_DESKTOP_FILE': '/usr/share/applications/QtProject-qtcreator-ros-latest.desktop', 'GNOME_SHELL_SESSION_MODE': 'ubuntu', 'GTK_MODULES': 'gail:atk-bridge', 'ROS_PYTHON_VERSION': '3', 'MANAGERPID': '1641', 'DBUS_SESSION_BUS_ADDRESS': 'unix:path=/run/user/1000/bus', 'SYSTEMD_EXEC_PID': '1828', 'GIO_LAUNCHED_DESKTOP_FILE_PID': '45123', 'COLCON_PREFIX_PATH': '/home/dani/ros2_ws/install', 'IM_CONFIG_PHASE': '1', 'ROS_DISTRO': 'humble', 'WAYLAND_DISPLAY': 'wayland-0', 'LOGNAME': 'dani', 'JOURNAL_STREAM': '8:33333', '_': '/usr/bin/env', 'ROS_VERSION': '2', 'XDG_SESSION_CLASS': 'user', 'TERM': 'xterm', 'USERNAME': 'dani', 'GNOME_DESKTOP_SESSION_ID': 'this-is-deprecated', 'ROS_LOCALHOST_ONLY': '0', 'PATH': '/opt/ros/humble/bin:/usr/local/sbin:/usr/local/bin:/usr/sbin:/usr/bin:/sbin:/bin:/usr/games:/usr/local/games:/snap/bin:/snap/bin', 'INVOCATION_ID': 'aa128a5843c54155af36cd2dd78ec1ab', 'SESSION_MANAGER': 'local/msi:@/tmp/.ICE-unix/1797,unix/msi:/tmp/.ICE-unix/1797', 'GNOME_SETUP_DISPLAY': ':1', 'XDG_MENU_PREFIX': 'gnome-', 'XDG_RUNTIME_DIR': '/run/user/1000', 'DISPLAY': ':0', 'LANG': 'en_US.UTF-8', 'XDG_CURRENT_DESKTOP': 'ubuntu:GNOME', 'XAUTHORITY': '/run/user/1000/.mutter-Xwaylandauth.35Q1B2', 'XDG_SESSION_DESKTOP': 'ubuntu', 'XMODIFIERS': '@im=ibus', 'AMENT_PREFIX_PATH': '/home/dani/ros2_ws/install/ros2_course:/opt/ros/humble', 'SSH_AGENT_LAUNCHER': 'gnome-keyring', 'SSH_AUTH_SOCK': '/run/user/1000/keyring/ssh', 'SHELL': '/bin/bash', 'GDMSESSION': 'ubuntu', 'QT_ACCESSIBILITY': '1', 'GJS_DEBUG_OUTPUT': 'stderr', 'QT_IM_MODULE': 'ibus', 'LC_ALL': 'C', 'PWD': '/home/dani/ros2_ws/build/ros2_course', 'XDG_CONFIG_DIRS': '/etc/xdg/xdg-ubuntu:/etc/xdg', 'XDG_DATA_DIRS': '/usr/share/ubuntu:/usr/local/share/:/usr/share/:/var/lib/snapd/desktop', 'PYTHONPATH': '/home/dani/ros2_ws/build/ros2_course/prefix_override:/home/dani/ros2_ws/install/ros2_course/lib/python3.10/site-packages:/home/dani/ros2_ws/build/ros2_course:/home/dani/ros2_ws/install/ros2_course/lib/python3.10/site-packages:/opt/ros/humble/lib/python3.10/site-packages:/opt/ros/humble/local/lib/python3.10/dist-packages', 'COLCON': '1'}, 'shell': False}
[0.799975] (-) TimerEvent: {}
[0.900113] (-) TimerEvent: {}
[0.901708] (ros2_course) StdoutLine: {'line': b'running egg_info\n'}
[0.902132] (ros2_course) StdoutLine: {'line': b'writing ../../build/ros2_course/ros2_course.egg-info/PKG-INFO\n'}
[0.902276] (ros2_course) StdoutLine: {'line': b'writing dependency_links to ../../build/ros2_course/ros2_course.egg-info/dependency_links.txt\n'}
[0.902433] (ros2_course) StdoutLine: {'line': b'writing entry points to ../../build/ros2_course/ros2_course.egg-info/entry_points.txt\n'}
[0.902499] (ros2_course) StdoutLine: {'line': b'writing requirements to ../../build/ros2_course/ros2_course.egg-info/requires.txt\n'}
[0.902545] (ros2_course) StdoutLine: {'line': b'writing top-level names to ../../build/ros2_course/ros2_course.egg-info/top_level.txt\n'}
[0.903636] (ros2_course) StdoutLine: {'line': b"reading manifest file '../../build/ros2_course/ros2_course.egg-info/SOURCES.txt'\n"}
[0.904207] (ros2_course) StdoutLine: {'line': b"writing manifest file '../../build/ros2_course/ros2_course.egg-info/SOURCES.txt'\n"}
[0.904272] (ros2_course) StdoutLine: {'line': b'running build\n'}
[0.904319] (ros2_course) StdoutLine: {'line': b'running build_py\n'}
[0.904458] (ros2_course) StdoutLine: {'line': b'copying ros2_course/turtlesim_controller.py -> /home/dani/ros2_ws/build/ros2_course/build/lib/ros2_course\n'}
[0.904634] (ros2_course) StdoutLine: {'line': b'running install\n'}
[0.904699] (ros2_course) StderrLine: {'line': b'/usr/lib/python3/dist-packages/setuptools/command/install.py:34: SetuptoolsDeprecationWarning: setup.py install is deprecated. Use build and pip and other standards-based tools.\n'}
[0.904757] (ros2_course) StderrLine: {'line': b'  warnings.warn(\n'}
[0.904907] (ros2_course) StdoutLine: {'line': b'running install_lib\n'}
[0.905227] (ros2_course) StdoutLine: {'line': b'copying /home/dani/ros2_ws/build/ros2_course/build/lib/ros2_course/turtlesim_controller.py -> /home/dani/ros2_ws/install/ros2_course/lib/python3.10/site-packages/ros2_course\n'}
[0.905570] (ros2_course) StdoutLine: {'line': b'byte-compiling /home/dani/ros2_ws/install/ros2_course/lib/python3.10/site-packages/ros2_course/turtlesim_controller.py to turtlesim_controller.cpython-310.pyc\n'}
[0.905692] (ros2_course) StderrLine: {'line': b'Sorry: IndentationError: unexpected indent (turtlesim_controller.py, line 13)\n'}
[0.905742] (ros2_course) StdoutLine: {'line': b'running install_data\n'}
[0.906053] (ros2_course) StdoutLine: {'line': b'running install_egg_info\n'}
[0.907130] (ros2_course) StdoutLine: {'line': b"removing '/home/dani/ros2_ws/install/ros2_course/lib/python3.10/site-packages/ros2_course-0.0.0-py3.10.egg-info' (and everything under it)\n"}
[0.907510] (ros2_course) StdoutLine: {'line': b'Copying ../../build/ros2_course/ros2_course.egg-info to /home/dani/ros2_ws/install/ros2_course/lib/python3.10/site-packages/ros2_course-0.0.0-py3.10.egg-info\n'}
[0.908066] (ros2_course) StdoutLine: {'line': b'running install_scripts\n'}
[0.922488] (ros2_course) StdoutLine: {'line': b'Installing hello script to /home/dani/ros2_ws/install/ros2_course/lib/ros2_course\n'}
[0.922653] (ros2_course) StdoutLine: {'line': b'Installing listener script to /home/dani/ros2_ws/install/ros2_course/lib/ros2_course\n'}
[0.922808] (ros2_course) StdoutLine: {'line': b'Installing talker script to /home/dani/ros2_ws/install/ros2_course/lib/ros2_course\n'}
[0.922879] (ros2_course) StdoutLine: {'line': b'Installing turtlesim_controller script to /home/dani/ros2_ws/install/ros2_course/lib/ros2_course\n'}
[0.922968] (ros2_course) StdoutLine: {'line': b"writing list of installed files to '/home/dani/ros2_ws/build/ros2_course/install.log'\n"}
[0.937555] (ros2_course) CommandEnded: {'returncode': 0}
[0.946703] (ros2_course) JobEnded: {'identifier': 'ros2_course', 'rc': 0}
[0.947067] (-) EventReactorShutdown: {}
