[0.401s] Invoking command in '/home/dani/ros2_ws/build/ros2_course': PYTHONPATH=/home/dani/ros2_ws/build/ros2_course/prefix_override:/home/dani/ros2_ws/install/ros2_course/lib/python3.10/site-packages:${PYTHONPATH} /usr/bin/python3 setup.py develop --uninstall --editable --build-directory /home/dani/ros2_ws/build/ros2_course/build
[0.583s] running develop
[0.583s] /usr/lib/python3/dist-packages/setuptools/command/easy_install.py:158: EasyInstallDeprecationWarning: easy_install command is deprecated. Use build and pip and other standards-based tools.
[0.583s]   warnings.warn(
[0.584s] /usr/lib/python3/dist-packages/setuptools/command/install.py:34: SetuptoolsDeprecationWarning: setup.py install is deprecated. Use build and pip and other standards-based tools.
[0.584s]   warnings.warn(
[0.716s] Invoked command in '/home/dani/ros2_ws/build/ros2_course' returned '0': PYTHONPATH=/home/dani/ros2_ws/build/ros2_course/prefix_override:/home/dani/ros2_ws/install/ros2_course/lib/python3.10/site-packages:${PYTHONPATH} /usr/bin/python3 setup.py develop --uninstall --editable --build-directory /home/dani/ros2_ws/build/ros2_course/build
[0.717s] Invoking command in '/home/dani/ros2_ws/src/ros2_course': PYTHONPATH=/home/dani/ros2_ws/build/ros2_course/prefix_override:/home/dani/ros2_ws/install/ros2_course/lib/python3.10/site-packages:${PYTHONPATH} /usr/bin/python3 setup.py egg_info --egg-base ../../build/ros2_course build --build-base /home/dani/ros2_ws/build/ros2_course/build install --record /home/dani/ros2_ws/build/ros2_course/install.log --single-version-externally-managed
[0.880s] running egg_info
[0.880s] writing ../../build/ros2_course/ros2_course.egg-info/PKG-INFO
[0.880s] writing dependency_links to ../../build/ros2_course/ros2_course.egg-info/dependency_links.txt
[0.880s] writing entry points to ../../build/ros2_course/ros2_course.egg-info/entry_points.txt
[0.880s] writing requirements to ../../build/ros2_course/ros2_course.egg-info/requires.txt
[0.881s] writing top-level names to ../../build/ros2_course/ros2_course.egg-info/top_level.txt
[0.882s] reading manifest file '../../build/ros2_course/ros2_course.egg-info/SOURCES.txt'
[0.882s] writing manifest file '../../build/ros2_course/ros2_course.egg-info/SOURCES.txt'
[0.882s] running build
[0.882s] running build_py
[0.882s] copying ros2_course/turtlesim_controller.py -> /home/dani/ros2_ws/build/ros2_course/build/lib/ros2_course
[0.883s] running install
[0.883s] /usr/lib/python3/dist-packages/setuptools/command/install.py:34: SetuptoolsDeprecationWarning: setup.py install is deprecated. Use build and pip and other standards-based tools.
[0.883s]   warnings.warn(
[0.883s] running install_lib
[0.883s] copying /home/dani/ros2_ws/build/ros2_course/build/lib/ros2_course/turtlesim_controller.py -> /home/dani/ros2_ws/install/ros2_course/lib/python3.10/site-packages/ros2_course
[0.884s] byte-compiling /home/dani/ros2_ws/install/ros2_course/lib/python3.10/site-packages/ros2_course/turtlesim_controller.py to turtlesim_controller.cpython-310.pyc
[0.885s] running install_data
[0.885s] running install_egg_info
[0.886s] removing '/home/dani/ros2_ws/install/ros2_course/lib/python3.10/site-packages/ros2_course-0.0.0-py3.10.egg-info' (and everything under it)
[0.886s] Copying ../../build/ros2_course/ros2_course.egg-info to /home/dani/ros2_ws/install/ros2_course/lib/python3.10/site-packages/ros2_course-0.0.0-py3.10.egg-info
[0.887s] running install_scripts
[0.901s] Installing hello script to /home/dani/ros2_ws/install/ros2_course/lib/ros2_course
[0.901s] Installing listener script to /home/dani/ros2_ws/install/ros2_course/lib/ros2_course
[0.901s] Installing talker script to /home/dani/ros2_ws/install/ros2_course/lib/ros2_course
[0.901s] Installing turtlesim_controller script to /home/dani/ros2_ws/install/ros2_course/lib/ros2_course
[0.901s] writing list of installed files to '/home/dani/ros2_ws/build/ros2_course/install.log'
[0.915s] Invoked command in '/home/dani/ros2_ws/src/ros2_course' returned '0': PYTHONPATH=/home/dani/ros2_ws/build/ros2_course/prefix_override:/home/dani/ros2_ws/install/ros2_course/lib/python3.10/site-packages:${PYTHONPATH} /usr/bin/python3 setup.py egg_info --egg-base ../../build/ros2_course build --build-base /home/dani/ros2_ws/build/ros2_course/build install --record /home/dani/ros2_ws/build/ros2_course/install.log --single-version-externally-managed
